[2023-09-28 07:08:47] local.ERROR: Unable to create lockable file: /var/www/html/storage/framework/cache/data/df/2d/df2d2d2b631648c7ad8909bc65a5a53634e59125. Please ensure you have permission to create files in this location. {"userId":11,"exception":"[object] (Exception(code: 0): Unable to create lockable file: /var/www/html/storage/framework/cache/data/df/2d/df2d2d2b631648c7ad8909bc65a5a53634e59125. Please ensure you have permission to create files in this location. at /var/www/html/vendor/laravel/framework/src/Illuminate/Filesystem/LockableFile.php:73)
[stacktrace]
#0 /var/www/html/vendor/laravel/framework/src/Illuminate/Filesystem/LockableFile.php(43): Illuminate\\Filesystem\\LockableFile->createResource()
#1 /var/www/html/vendor/laravel/framework/src/Illuminate/Cache/FileStore.php(108): Illuminate\\Filesystem\\LockableFile->__construct()
#2 /var/www/html/vendor/laravel/framework/src/Illuminate/Cache/Repository.php(318): Illuminate\\Cache\\FileStore->add()
#3 /var/www/html/vendor/laravel/framework/src/Illuminate/Cache/RateLimiter.php(118): Illuminate\\Cache\\Repository->add()
#4 /var/www/html/vendor/laravel/framework/src/Illuminate/Routing/Middleware/ThrottleRequests.php(156): Illuminate\\Cache\\RateLimiter->hit()
#5 /var/www/html/vendor/laravel/framework/src/Illuminate/Routing/Middleware/ThrottleRequests.php(125): Illuminate\\Routing\\Middleware\\ThrottleRequests->handleRequest()
#6 /var/www/html/vendor/laravel/framework/src/Illuminate/Routing/Middleware/ThrottleRequests.php(87): Illuminate\\Routing\\Middleware\\ThrottleRequests->handleRequestUsingNamedLimiter()
#7 /var/www/html/vendor/laravel/framework/src/Illuminate/Pipeline/Pipeline.php(180): Illuminate\\Routing\\Middleware\\ThrottleRequests->handle()
#8 /var/www/html/vendor/laravel/framework/src/Illuminate/Auth/Middleware/Authenticate.php(57): Illuminate\\Pipeline\\Pipeline->Illuminate\\Pipeline\\{closure}()
#9 /var/www/html/vendor/laravel/framework/src/Illuminate/Pipeline/Pipeline.php(180): Illuminate\\Auth\\Middleware\\Authenticate->handle()
#10 /var/www/html/vendor/laravel/sanctum/src/Http/Middleware/EnsureFrontendRequestsAreStateful.php(25): Illuminate\\Pipeline\\Pipeline->Illuminate\\Pipeline\\{closure}()
#11 /var/www/html/vendor/laravel/framework/src/Illuminate/Pipeline/Pipeline.php(141): Laravel\\Sanctum\\Http\\Middleware\\EnsureFrontendRequestsAreStateful->Laravel\\Sanctum\\Http\\Middleware\\{closure}()
#12 /var/www/html/vendor/laravel/framework/src/Illuminate/Pipeline/Pipeline.php(116): Illuminate\\Pipeline\\Pipeline->Illuminate\\Pipeline\\{closure}()
#13 /var/www/html/vendor/laravel/sanctum/src/Http/Middleware/EnsureFrontendRequestsAreStateful.php(24): Illuminate\\Pipeline\\Pipeline->then()
#14 /var/www/html/vendor/laravel/framework/src/Illuminate/Pipeline/Pipeline.php(180): Laravel\\Sanctum\\Http\\Middleware\\EnsureFrontendRequestsAreStateful->handle()
#15 /var/www/html/vendor/laravel/framework/src/Illuminate/Pipeline/Pipeline.php(116): Illuminate\\Pipeline\\Pipeline->Illuminate\\Pipeline\\{closure}()
#16 /var/www/html/vendor/laravel/framework/src/Illuminate/Routing/Router.php(798): Illuminate\\Pipeline\\Pipeline->then()
#17 /var/www/html/vendor/laravel/framework/src/Illuminate/Routing/Router.php(777): Illuminate\\Routing\\Router->runRouteWithinStack()
#18 /var/www/html/vendor/laravel/framework/src/Illuminate/Routing/Router.php(741): Illuminate\\Routing\\Router->runRoute()
#19 /var/www/html/vendor/laravel/framework/src/Illuminate/Routing/Router.php(730): Illuminate\\Routing\\Router->dispatchToRoute()
#20 /var/www/html/vendor/laravel/framework/src/Illuminate/Foundation/Http/Kernel.php(200): Illuminate\\Routing\\Router->dispatch()
#21 /var/www/html/vendor/laravel/framework/src/Illuminate/Pipeline/Pipeline.php(141): Illuminate\\Foundation\\Http\\Kernel->Illuminate\\Foundation\\Http\\{closure}()
#22 /var/www/html/vendor/laravel/framework/src/Illuminate/Foundation/Http/Middleware/TransformsRequest.php(21): Illuminate\\Pipeline\\Pipeline->Illuminate\\Pipeline\\{closure}()
#23 /var/www/html/vendor/laravel/framework/src/Illuminate/Foundation/Http/Middleware/ConvertEmptyStringsToNull.php(31): Illuminate\\Foundation\\Http\\Middleware\\TransformsRequest->handle()
#24 /var/www/html/vendor/laravel/framework/src/Illuminate/Pipeline/Pipeline.php(180): Illuminate\\Foundation\\Http\\Middleware\\ConvertEmptyStringsToNull->handle()
#25 /var/www/html/vendor/laravel/framework/src/Illuminate/Foundation/Http/Middleware/TransformsRequest.php(21): Illuminate\\Pipeline\\Pipeline->Illuminate\\Pipeline\\{closure}()
#26 /var/www/html/vendor/laravel/framework/src/Illuminate/Foundation/Http/Middleware/TrimStrings.php(40): Illuminate\\Foundation\\Http\\Middleware\\TransformsRequest->handle()
#27 /var/www/html/vendor/laravel/framework/src/Illuminate/Pipeline/Pipeline.php(180): Illuminate\\Foundation\\Http\\Middleware\\TrimStrings->handle()
#28 /var/www/html/vendor/laravel/framework/src/Illuminate/Foundation/Http/Middleware/ValidatePostSize.php(27): Illuminate\\Pipeline\\Pipeline->Illuminate\\Pipeline\\{closure}()
#29 /var/www/html/vendor/laravel/framework/src/Illuminate/Pipeline/Pipeline.php(180): Illuminate\\Foundation\\Http\\Middleware\\ValidatePostSize->handle()
#30 /var/www/html/vendor/laravel/framework/src/Illuminate/Foundation/Http/Middleware/PreventRequestsDuringMaintenance.php(89): Illuminate\\Pipeline\\Pipeline->Illuminate\\Pipeline\\{closure}()
#31 /var/www/html/vendor/laravel/framework/src/Illuminate/Pipeline/Pipeline.php(180): Illuminate\\Foundation\\Http\\Middleware\\PreventRequestsDuringMaintenance->handle()
#32 /var/www/html/vendor/laravel/framework/src/Illuminate/Http/Middleware/HandleCors.php(62): Illuminate\\Pipeline\\Pipeline->Illuminate\\Pipeline\\{closure}()
#33 /var/www/html/vendor/laravel/framework/src/Illuminate/Pipeline/Pipeline.php(180): Illuminate\\Http\\Middleware\\HandleCors->handle()
#34 /var/www/html/vendor/laravel/framework/src/Illuminate/Http/Middleware/TrustProxies.php(39): Illuminate\\Pipeline\\Pipeline->Illuminate\\Pipeline\\{closure}()
#35 /var/www/html/vendor/laravel/framework/src/Illuminate/Pipeline/Pipeline.php(180): Illuminate\\Http\\Middleware\\TrustProxies->handle()
#36 /var/www/html/vendor/laravel/framework/src/Illuminate/Pipeline/Pipeline.php(116): Illuminate\\Pipeline\\Pipeline->Illuminate\\Pipeline\\{closure}()
#37 /var/www/html/vendor/laravel/framework/src/Illuminate/Foundation/Http/Kernel.php(175): Illuminate\\Pipeline\\Pipeline->then()
#38 /var/www/html/vendor/laravel/framework/src/Illuminate/Foundation/Http/Kernel.php(144): Illuminate\\Foundation\\Http\\Kernel->sendRequestThroughRouter()
#39 /var/www/html/public/index.php(51): Illuminate\\Foundation\\Http\\Kernel->handle()
#40 /var/www/html/vendor/laravel/framework/src/Illuminate/Foundation/resources/server.php(16): require_once('...')
#41 {main}
"} 
[2023-10-02 06:34:47] local.ERROR: could not find driver (Connection: sqlite, SQL: PRAGMA foreign_keys = ON;) {"exception":"[object] (Illuminate\\Database\\QueryException(code: 0): could not find driver (Connection: sqlite, SQL: PRAGMA foreign_keys = ON;) at /home/intheloop/Desktop/SchoolHub/main/vendor/laravel/framework/src/Illuminate/Database/Connection.php:801)
[stacktrace]
#0 /home/intheloop/Desktop/SchoolHub/main/vendor/laravel/framework/src/Illuminate/Database/Connection.php(755): Illuminate\\Database\\Connection->runQueryCallback()
#1 /home/intheloop/Desktop/SchoolHub/main/vendor/laravel/framework/src/Illuminate/Database/Connection.php(581): Illuminate\\Database\\Connection->run()
#2 /home/intheloop/Desktop/SchoolHub/main/vendor/laravel/framework/src/Illuminate/Database/Schema/Builder.php(398): Illuminate\\Database\\Connection->statement()
#3 /home/intheloop/Desktop/SchoolHub/main/vendor/laravel/framework/src/Illuminate/Database/SQLiteConnection.php(36): Illuminate\\Database\\Schema\\Builder->enableForeignKeyConstraints()
#4 /home/intheloop/Desktop/SchoolHub/main/vendor/laravel/framework/src/Illuminate/Database/Connectors/ConnectionFactory.php(272): Illuminate\\Database\\SQLiteConnection->__construct()
#5 /home/intheloop/Desktop/SchoolHub/main/vendor/laravel/framework/src/Illuminate/Database/Connectors/ConnectionFactory.php(76): Illuminate\\Database\\Connectors\\ConnectionFactory->createConnection()
#6 /home/intheloop/Desktop/SchoolHub/main/vendor/laravel/framework/src/Illuminate/Database/Connectors/ConnectionFactory.php(50): Illuminate\\Database\\Connectors\\ConnectionFactory->createSingleConnection()
#7 /home/intheloop/Desktop/SchoolHub/main/vendor/laravel/framework/src/Illuminate/Database/DatabaseManager.php(152): Illuminate\\Database\\Connectors\\ConnectionFactory->make()
#8 /home/intheloop/Desktop/SchoolHub/main/vendor/laravel/framework/src/Illuminate/Database/DatabaseManager.php(101): Illuminate\\Database\\DatabaseManager->makeConnection()
#9 /home/intheloop/Desktop/SchoolHub/main/vendor/laravel/framework/src/Illuminate/Database/Console/WipeCommand.php(69): Illuminate\\Database\\DatabaseManager->connection()
#10 /home/intheloop/Desktop/SchoolHub/main/vendor/laravel/framework/src/Illuminate/Database/Console/WipeCommand.php(48): Illuminate\\Database\\Console\\WipeCommand->dropAllTables()
#11 /home/intheloop/Desktop/SchoolHub/main/vendor/laravel/framework/src/Illuminate/Container/BoundMethod.php(36): Illuminate\\Database\\Console\\WipeCommand->handle()
#12 /home/intheloop/Desktop/SchoolHub/main/vendor/laravel/framework/src/Illuminate/Container/Util.php(41): Illuminate\\Container\\BoundMethod::Illuminate\\Container\\{closure}()
#13 /home/intheloop/Desktop/SchoolHub/main/vendor/laravel/framework/src/Illuminate/Container/BoundMethod.php(93): Illuminate\\Container\\Util::unwrapIfClosure()
#14 /home/intheloop/Desktop/SchoolHub/main/vendor/laravel/framework/src/Illuminate/Container/BoundMethod.php(37): Illuminate\\Container\\BoundMethod::callBoundMethod()
#15 /home/intheloop/Desktop/SchoolHub/main/vendor/laravel/framework/src/Illuminate/Container/Container.php(662): Illuminate\\Container\\BoundMethod::call()
#16 /home/intheloop/Desktop/SchoolHub/main/vendor/laravel/framework/src/Illuminate/Console/Command.php(211): Illuminate\\Container\\Container->call()
#17 /home/intheloop/Desktop/SchoolHub/main/vendor/symfony/console/Command/Command.php(326): Illuminate\\Console\\Command->execute()
#18 /home/intheloop/Desktop/SchoolHub/main/vendor/laravel/framework/src/Illuminate/Console/Command.php(181): Symfony\\Component\\Console\\Command\\Command->run()
#19 /home/intheloop/Desktop/SchoolHub/main/vendor/laravel/framework/src/Illuminate/Console/Concerns/CallsCommands.php(68): Illuminate\\Console\\Command->run()
#20 /home/intheloop/Desktop/SchoolHub/main/vendor/laravel/framework/src/Illuminate/Console/Concerns/CallsCommands.php(40): Illuminate\\Console\\Command->runCommand()
#21 /home/intheloop/Desktop/SchoolHub/main/vendor/laravel/framework/src/Illuminate/Database/Console/Migrations/FreshCommand.php(45): Illuminate\\Console\\Command->callSilent()
#22 /home/intheloop/Desktop/SchoolHub/main/vendor/laravel/framework/src/Illuminate/Console/View/Components/Task.php(37): Illuminate\\Database\\Console\\Migrations\\FreshCommand->Illuminate\\Database\\Console\\Migrations\\{closure}()
#23 /home/intheloop/Desktop/SchoolHub/main/vendor/laravel/framework/src/Illuminate/Console/View/Components/Factory.php(58): Illuminate\\Console\\View\\Components\\Task->render()
#24 /home/intheloop/Desktop/SchoolHub/main/vendor/laravel/framework/src/Illuminate/Database/Console/Migrations/FreshCommand.php(49): Illuminate\\Console\\View\\Components\\Factory->__call()
#25 /home/intheloop/Desktop/SchoolHub/main/vendor/laravel/framework/src/Illuminate/Container/BoundMethod.php(36): Illuminate\\Database\\Console\\Migrations\\FreshCommand->handle()
#26 /home/intheloop/Desktop/SchoolHub/main/vendor/laravel/framework/src/Illuminate/Container/Util.php(41): Illuminate\\Container\\BoundMethod::Illuminate\\Container\\{closure}()
#27 /home/intheloop/Desktop/SchoolHub/main/vendor/laravel/framework/src/Illuminate/Container/BoundMethod.php(93): Illuminate\\Container\\Util::unwrapIfClosure()
#28 /home/intheloop/Desktop/SchoolHub/main/vendor/laravel/framework/src/Illuminate/Container/BoundMethod.php(37): Illuminate\\Container\\BoundMethod::callBoundMethod()
#29 /home/intheloop/Desktop/SchoolHub/main/vendor/laravel/framework/src/Illuminate/Container/Container.php(662): Illuminate\\Container\\BoundMethod::call()
#30 /home/intheloop/Desktop/SchoolHub/main/vendor/laravel/framework/src/Illuminate/Console/Command.php(211): Illuminate\\Container\\Container->call()
#31 /home/intheloop/Desktop/SchoolHub/main/vendor/symfony/console/Command/Command.php(326): Illuminate\\Console\\Command->execute()
#32 /home/intheloop/Desktop/SchoolHub/main/vendor/laravel/framework/src/Illuminate/Console/Command.php(181): Symfony\\Component\\Console\\Command\\Command->run()
#33 /home/intheloop/Desktop/SchoolHub/main/vendor/symfony/console/Application.php(1081): Illuminate\\Console\\Command->run()
#34 /home/intheloop/Desktop/SchoolHub/main/vendor/symfony/console/Application.php(320): Symfony\\Component\\Console\\Application->doRunCommand()
#35 /home/intheloop/Desktop/SchoolHub/main/vendor/symfony/console/Application.php(174): Symfony\\Component\\Console\\Application->doRun()
#36 /home/intheloop/Desktop/SchoolHub/main/vendor/laravel/framework/src/Illuminate/Foundation/Console/Kernel.php(201): Symfony\\Component\\Console\\Application->run()
#37 /home/intheloop/Desktop/SchoolHub/main/artisan(37): Illuminate\\Foundation\\Console\\Kernel->handle()
#38 {main}

[previous exception] [object] (PDOException(code: 0): could not find driver at /home/intheloop/Desktop/SchoolHub/main/vendor/laravel/framework/src/Illuminate/Database/Connectors/Connector.php:65)
[stacktrace]
#0 /home/intheloop/Desktop/SchoolHub/main/vendor/laravel/framework/src/Illuminate/Database/Connectors/Connector.php(65): PDO->__construct()
#1 /home/intheloop/Desktop/SchoolHub/main/vendor/laravel/framework/src/Illuminate/Database/Connectors/Connector.php(45): Illuminate\\Database\\Connectors\\Connector->createPdoConnection()
#2 /home/intheloop/Desktop/SchoolHub/main/vendor/laravel/framework/src/Illuminate/Database/Connectors/SQLiteConnector.php(37): Illuminate\\Database\\Connectors\\Connector->createConnection()
#3 /home/intheloop/Desktop/SchoolHub/main/vendor/laravel/framework/src/Illuminate/Database/Connectors/ConnectionFactory.php(221): Illuminate\\Database\\Connectors\\SQLiteConnector->connect()
#4 [internal function]: Illuminate\\Database\\Connectors\\ConnectionFactory->Illuminate\\Database\\Connectors\\{closure}()
#5 /home/intheloop/Desktop/SchoolHub/main/vendor/laravel/framework/src/Illuminate/Database/Connection.php(1292): call_user_func()
#6 /home/intheloop/Desktop/SchoolHub/main/vendor/laravel/framework/src/Illuminate/Database/Connection.php(574): Illuminate\\Database\\Connection->getPdo()
#7 /home/intheloop/Desktop/SchoolHub/main/vendor/laravel/framework/src/Illuminate/Database/Connection.php(788): Illuminate\\Database\\Connection->Illuminate\\Database\\{closure}()
#8 /home/intheloop/Desktop/SchoolHub/main/vendor/laravel/framework/src/Illuminate/Database/Connection.php(755): Illuminate\\Database\\Connection->runQueryCallback()
#9 /home/intheloop/Desktop/SchoolHub/main/vendor/laravel/framework/src/Illuminate/Database/Connection.php(581): Illuminate\\Database\\Connection->run()
#10 /home/intheloop/Desktop/SchoolHub/main/vendor/laravel/framework/src/Illuminate/Database/Schema/Builder.php(398): Illuminate\\Database\\Connection->statement()
#11 /home/intheloop/Desktop/SchoolHub/main/vendor/laravel/framework/src/Illuminate/Database/SQLiteConnection.php(36): Illuminate\\Database\\Schema\\Builder->enableForeignKeyConstraints()
#12 /home/intheloop/Desktop/SchoolHub/main/vendor/laravel/framework/src/Illuminate/Database/Connectors/ConnectionFactory.php(272): Illuminate\\Database\\SQLiteConnection->__construct()
#13 /home/intheloop/Desktop/SchoolHub/main/vendor/laravel/framework/src/Illuminate/Database/Connectors/ConnectionFactory.php(76): Illuminate\\Database\\Connectors\\ConnectionFactory->createConnection()
#14 /home/intheloop/Desktop/SchoolHub/main/vendor/laravel/framework/src/Illuminate/Database/Connectors/ConnectionFactory.php(50): Illuminate\\Database\\Connectors\\ConnectionFactory->createSingleConnection()
#15 /home/intheloop/Desktop/SchoolHub/main/vendor/laravel/framework/src/Illuminate/Database/DatabaseManager.php(152): Illuminate\\Database\\Connectors\\ConnectionFactory->make()
#16 /home/intheloop/Desktop/SchoolHub/main/vendor/laravel/framework/src/Illuminate/Database/DatabaseManager.php(101): Illuminate\\Database\\DatabaseManager->makeConnection()
#17 /home/intheloop/Desktop/SchoolHub/main/vendor/laravel/framework/src/Illuminate/Database/Console/WipeCommand.php(69): Illuminate\\Database\\DatabaseManager->connection()
#18 /home/intheloop/Desktop/SchoolHub/main/vendor/laravel/framework/src/Illuminate/Database/Console/WipeCommand.php(48): Illuminate\\Database\\Console\\WipeCommand->dropAllTables()
#19 /home/intheloop/Desktop/SchoolHub/main/vendor/laravel/framework/src/Illuminate/Container/BoundMethod.php(36): Illuminate\\Database\\Console\\WipeCommand->handle()
#20 /home/intheloop/Desktop/SchoolHub/main/vendor/laravel/framework/src/Illuminate/Container/Util.php(41): Illuminate\\Container\\BoundMethod::Illuminate\\Container\\{closure}()
#21 /home/intheloop/Desktop/SchoolHub/main/vendor/laravel/framework/src/Illuminate/Container/BoundMethod.php(93): Illuminate\\Container\\Util::unwrapIfClosure()
#22 /home/intheloop/Desktop/SchoolHub/main/vendor/laravel/framework/src/Illuminate/Container/BoundMethod.php(37): Illuminate\\Container\\BoundMethod::callBoundMethod()
#23 /home/intheloop/Desktop/SchoolHub/main/vendor/laravel/framework/src/Illuminate/Container/Container.php(662): Illuminate\\Container\\BoundMethod::call()
#24 /home/intheloop/Desktop/SchoolHub/main/vendor/laravel/framework/src/Illuminate/Console/Command.php(211): Illuminate\\Container\\Container->call()
#25 /home/intheloop/Desktop/SchoolHub/main/vendor/symfony/console/Command/Command.php(326): Illuminate\\Console\\Command->execute()
#26 /home/intheloop/Desktop/SchoolHub/main/vendor/laravel/framework/src/Illuminate/Console/Command.php(181): Symfony\\Component\\Console\\Command\\Command->run()
#27 /home/intheloop/Desktop/SchoolHub/main/vendor/laravel/framework/src/Illuminate/Console/Concerns/CallsCommands.php(68): Illuminate\\Console\\Command->run()
#28 /home/intheloop/Desktop/SchoolHub/main/vendor/laravel/framework/src/Illuminate/Console/Concerns/CallsCommands.php(40): Illuminate\\Console\\Command->runCommand()
#29 /home/intheloop/Desktop/SchoolHub/main/vendor/laravel/framework/src/Illuminate/Database/Console/Migrations/FreshCommand.php(45): Illuminate\\Console\\Command->callSilent()
#30 /home/intheloop/Desktop/SchoolHub/main/vendor/laravel/framework/src/Illuminate/Console/View/Components/Task.php(37): Illuminate\\Database\\Console\\Migrations\\FreshCommand->Illuminate\\Database\\Console\\Migrations\\{closure}()
#31 /home/intheloop/Desktop/SchoolHub/main/vendor/laravel/framework/src/Illuminate/Console/View/Components/Factory.php(58): Illuminate\\Console\\View\\Components\\Task->render()
#32 /home/intheloop/Desktop/SchoolHub/main/vendor/laravel/framework/src/Illuminate/Database/Console/Migrations/FreshCommand.php(49): Illuminate\\Console\\View\\Components\\Factory->__call()
#33 /home/intheloop/Desktop/SchoolHub/main/vendor/laravel/framework/src/Illuminate/Container/BoundMethod.php(36): Illuminate\\Database\\Console\\Migrations\\FreshCommand->handle()
#34 /home/intheloop/Desktop/SchoolHub/main/vendor/laravel/framework/src/Illuminate/Container/Util.php(41): Illuminate\\Container\\BoundMethod::Illuminate\\Container\\{closure}()
#35 /home/intheloop/Desktop/SchoolHub/main/vendor/laravel/framework/src/Illuminate/Container/BoundMethod.php(93): Illuminate\\Container\\Util::unwrapIfClosure()
#36 /home/intheloop/Desktop/SchoolHub/main/vendor/laravel/framework/src/Illuminate/Container/BoundMethod.php(37): Illuminate\\Container\\BoundMethod::callBoundMethod()
#37 /home/intheloop/Desktop/SchoolHub/main/vendor/laravel/framework/src/Illuminate/Container/Container.php(662): Illuminate\\Container\\BoundMethod::call()
#38 /home/intheloop/Desktop/SchoolHub/main/vendor/laravel/framework/src/Illuminate/Console/Command.php(211): Illuminate\\Container\\Container->call()
#39 /home/intheloop/Desktop/SchoolHub/main/vendor/symfony/console/Command/Command.php(326): Illuminate\\Console\\Command->execute()
#40 /home/intheloop/Desktop/SchoolHub/main/vendor/laravel/framework/src/Illuminate/Console/Command.php(181): Symfony\\Component\\Console\\Command\\Command->run()
#41 /home/intheloop/Desktop/SchoolHub/main/vendor/symfony/console/Application.php(1081): Illuminate\\Console\\Command->run()
#42 /home/intheloop/Desktop/SchoolHub/main/vendor/symfony/console/Application.php(320): Symfony\\Component\\Console\\Application->doRunCommand()
#43 /home/intheloop/Desktop/SchoolHub/main/vendor/symfony/console/Application.php(174): Symfony\\Component\\Console\\Application->doRun()
#44 /home/intheloop/Desktop/SchoolHub/main/vendor/laravel/framework/src/Illuminate/Foundation/Console/Kernel.php(201): Symfony\\Component\\Console\\Application->run()
#45 /home/intheloop/Desktop/SchoolHub/main/artisan(37): Illuminate\\Foundation\\Console\\Kernel->handle()
#46 {main}
"} 
[2023-10-02 14:26:17] local.ERROR: Please provide a valid cache path. {"userId":11,"exception":"[object] (InvalidArgumentException(code: 0): Please provide a valid cache path. at /home/intheloop/Desktop/SchoolHub/main/vendor/laravel/framework/src/Illuminate/View/Compilers/Compiler.php:66)
[stacktrace]
#0 /home/intheloop/Desktop/SchoolHub/main/vendor/laravel/framework/src/Illuminate/View/ViewServiceProvider.php(101): Illuminate\\View\\Compilers\\Compiler->__construct()
#1 /home/intheloop/Desktop/SchoolHub/main/vendor/laravel/framework/src/Illuminate/Container/Container.php(908): Illuminate\\View\\ViewServiceProvider->Illuminate\\View\\{closure}()
#2 /home/intheloop/Desktop/SchoolHub/main/vendor/laravel/framework/src/Illuminate/Container/Container.php(795): Illuminate\\Container\\Container->build()
#3 /home/intheloop/Desktop/SchoolHub/main/vendor/laravel/framework/src/Illuminate/Foundation/Application.php(937): Illuminate\\Container\\Container->resolve()
#4 /home/intheloop/Desktop/SchoolHub/main/vendor/laravel/framework/src/Illuminate/Container/Container.php(731): Illuminate\\Foundation\\Application->resolve()
#5 /home/intheloop/Desktop/SchoolHub/main/vendor/laravel/framework/src/Illuminate/Foundation/Application.php(922): Illuminate\\Container\\Container->make()
#6 /home/intheloop/Desktop/SchoolHub/main/vendor/laravel/framework/src/Illuminate/Container/Container.php(1454): Illuminate\\Foundation\\Application->make()
#7 /home/intheloop/Desktop/SchoolHub/main/vendor/laravel/framework/src/Illuminate/View/ViewServiceProvider.php(164): Illuminate\\Container\\Container->offsetGet()
#8 [internal function]: Illuminate\\View\\ViewServiceProvider->Illuminate\\View\\{closure}()
#9 /home/intheloop/Desktop/SchoolHub/main/vendor/laravel/framework/src/Illuminate/View/Engines/EngineResolver.php(55): call_user_func()
#10 /home/intheloop/Desktop/SchoolHub/main/vendor/laravel/framework/src/Illuminate/View/Factory.php(310): Illuminate\\View\\Engines\\EngineResolver->resolve()
#11 /home/intheloop/Desktop/SchoolHub/main/vendor/laravel/framework/src/Illuminate/View/Factory.php(274): Illuminate\\View\\Factory->getEngineFromPath()
#12 /home/intheloop/Desktop/SchoolHub/main/vendor/laravel/framework/src/Illuminate/View/Factory.php(146): Illuminate\\View\\Factory->viewInstance()
#13 /home/intheloop/Desktop/SchoolHub/main/vendor/laravel/framework/src/Illuminate/Routing/ResponseFactory.php(87): Illuminate\\View\\Factory->make()
#14 /home/intheloop/Desktop/SchoolHub/main/vendor/laravel/framework/src/Illuminate/Foundation/Exceptions/Handler.php(684): Illuminate\\Routing\\ResponseFactory->view()
#15 /home/intheloop/Desktop/SchoolHub/main/vendor/laravel/framework/src/Illuminate/Foundation/Exceptions/Handler.php(609): Illuminate\\Foundation\\Exceptions\\Handler->renderHttpException()
#16 /home/intheloop/Desktop/SchoolHub/main/vendor/laravel/framework/src/Illuminate/Foundation/Exceptions/Handler.php(515): Illuminate\\Foundation\\Exceptions\\Handler->prepareResponse()
#17 /home/intheloop/Desktop/SchoolHub/main/vendor/laravel/framework/src/Illuminate/Foundation/Exceptions/Handler.php(432): Illuminate\\Foundation\\Exceptions\\Handler->renderExceptionResponse()
#18 /home/intheloop/Desktop/SchoolHub/main/vendor/laravel/framework/src/Illuminate/Routing/Pipeline.php(51): Illuminate\\Foundation\\Exceptions\\Handler->render()
#19 /home/intheloop/Desktop/SchoolHub/main/vendor/laravel/framework/src/Illuminate/Pipeline/Pipeline.php(185): Illuminate\\Routing\\Pipeline->handleException()
#20 /home/intheloop/Desktop/SchoolHub/main/vendor/laravel/framework/src/Illuminate/Routing/Middleware/ThrottleRequests.php(159): Illuminate\\Pipeline\\Pipeline->Illuminate\\Pipeline\\{closure}()
#21 /home/intheloop/Desktop/SchoolHub/main/vendor/laravel/framework/src/Illuminate/Routing/Middleware/ThrottleRequests.php(135): Illuminate\\Routing\\Middleware\\ThrottleRequests->handleRequest()
#22 /home/intheloop/Desktop/SchoolHub/main/vendor/laravel/framework/src/Illuminate/Routing/Middleware/ThrottleRequests.php(87): Illuminate\\Routing\\Middleware\\ThrottleRequests->handleRequestUsingNamedLimiter()
#23 /home/intheloop/Desktop/SchoolHub/main/vendor/laravel/framework/src/Illuminate/Pipeline/Pipeline.php(180): Illuminate\\Routing\\Middleware\\ThrottleRequests->handle()
#24 /home/intheloop/Desktop/SchoolHub/main/vendor/laravel/framework/src/Illuminate/Auth/Middleware/Authenticate.php(57): Illuminate\\Pipeline\\Pipeline->Illuminate\\Pipeline\\{closure}()
#25 /home/intheloop/Desktop/SchoolHub/main/vendor/laravel/framework/src/Illuminate/Pipeline/Pipeline.php(180): Illuminate\\Auth\\Middleware\\Authenticate->handle()
#26 /home/intheloop/Desktop/SchoolHub/main/vendor/laravel/sanctum/src/Http/Middleware/EnsureFrontendRequestsAreStateful.php(25): Illuminate\\Pipeline\\Pipeline->Illuminate\\Pipeline\\{closure}()
#27 /home/intheloop/Desktop/SchoolHub/main/vendor/laravel/framework/src/Illuminate/Pipeline/Pipeline.php(141): Laravel\\Sanctum\\Http\\Middleware\\EnsureFrontendRequestsAreStateful->Laravel\\Sanctum\\Http\\Middleware\\{closure}()
#28 /home/intheloop/Desktop/SchoolHub/main/vendor/laravel/framework/src/Illuminate/Pipeline/Pipeline.php(116): Illuminate\\Pipeline\\Pipeline->Illuminate\\Pipeline\\{closure}()
#29 /home/intheloop/Desktop/SchoolHub/main/vendor/laravel/sanctum/src/Http/Middleware/EnsureFrontendRequestsAreStateful.php(26): Illuminate\\Pipeline\\Pipeline->then()
#30 /home/intheloop/Desktop/SchoolHub/main/vendor/laravel/framework/src/Illuminate/Pipeline/Pipeline.php(180): Laravel\\Sanctum\\Http\\Middleware\\EnsureFrontendRequestsAreStateful->handle()
#31 /home/intheloop/Desktop/SchoolHub/main/vendor/laravel/framework/src/Illuminate/Pipeline/Pipeline.php(116): Illuminate\\Pipeline\\Pipeline->Illuminate\\Pipeline\\{closure}()
#32 /home/intheloop/Desktop/SchoolHub/main/vendor/laravel/framework/src/Illuminate/Routing/Router.php(800): Illuminate\\Pipeline\\Pipeline->then()
#33 /home/intheloop/Desktop/SchoolHub/main/vendor/laravel/framework/src/Illuminate/Routing/Router.php(777): Illuminate\\Routing\\Router->runRouteWithinStack()
#34 /home/intheloop/Desktop/SchoolHub/main/vendor/laravel/framework/src/Illuminate/Routing/Router.php(741): Illuminate\\Routing\\Router->runRoute()
#35 /home/intheloop/Desktop/SchoolHub/main/vendor/laravel/framework/src/Illuminate/Routing/Router.php(730): Illuminate\\Routing\\Router->dispatchToRoute()
#36 /home/intheloop/Desktop/SchoolHub/main/vendor/laravel/framework/src/Illuminate/Foundation/Http/Kernel.php(200): Illuminate\\Routing\\Router->dispatch()
#37 /home/intheloop/Desktop/SchoolHub/main/vendor/laravel/framework/src/Illuminate/Pipeline/Pipeline.php(141): Illuminate\\Foundation\\Http\\Kernel->Illuminate\\Foundation\\Http\\{closure}()
#38 /home/intheloop/Desktop/SchoolHub/main/vendor/laravel/framework/src/Illuminate/Foundation/Http/Middleware/TransformsRequest.php(21): Illuminate\\Pipeline\\Pipeline->Illuminate\\Pipeline\\{closure}()
#39 /home/intheloop/Desktop/SchoolHub/main/vendor/laravel/framework/src/Illuminate/Foundation/Http/Middleware/ConvertEmptyStringsToNull.php(31): Illuminate\\Foundation\\Http\\Middleware\\TransformsRequest->handle()
#40 /home/intheloop/Desktop/SchoolHub/main/vendor/laravel/framework/src/Illuminate/Pipeline/Pipeline.php(180): Illuminate\\Foundation\\Http\\Middleware\\ConvertEmptyStringsToNull->handle()
#41 /home/intheloop/Desktop/SchoolHub/main/vendor/laravel/framework/src/Illuminate/Foundation/Http/Middleware/TransformsRequest.php(21): Illuminate\\Pipeline\\Pipeline->Illuminate\\Pipeline\\{closure}()
#42 /home/intheloop/Desktop/SchoolHub/main/vendor/laravel/framework/src/Illuminate/Foundation/Http/Middleware/TrimStrings.php(40): Illuminate\\Foundation\\Http\\Middleware\\TransformsRequest->handle()
#43 /home/intheloop/Desktop/SchoolHub/main/vendor/laravel/framework/src/Illuminate/Pipeline/Pipeline.php(180): Illuminate\\Foundation\\Http\\Middleware\\TrimStrings->handle()
#44 /home/intheloop/Desktop/SchoolHub/main/vendor/laravel/framework/src/Illuminate/Foundation/Http/Middleware/ValidatePostSize.php(27): Illuminate\\Pipeline\\Pipeline->Illuminate\\Pipeline\\{closure}()
#45 /home/intheloop/Desktop/SchoolHub/main/vendor/laravel/framework/src/Illuminate/Pipeline/Pipeline.php(180): Illuminate\\Foundation\\Http\\Middleware\\ValidatePostSize->handle()
#46 /home/intheloop/Desktop/SchoolHub/main/vendor/laravel/framework/src/Illuminate/Foundation/Http/Middleware/PreventRequestsDuringMaintenance.php(89): Illuminate\\Pipeline\\Pipeline->Illuminate\\Pipeline\\{closure}()
#47 /home/intheloop/Desktop/SchoolHub/main/vendor/laravel/framework/src/Illuminate/Pipeline/Pipeline.php(180): Illuminate\\Foundation\\Http\\Middleware\\PreventRequestsDuringMaintenance->handle()
#48 /home/intheloop/Desktop/SchoolHub/main/vendor/laravel/framework/src/Illuminate/Http/Middleware/HandleCors.php(62): Illuminate\\Pipeline\\Pipeline->Illuminate\\Pipeline\\{closure}()
#49 /home/intheloop/Desktop/SchoolHub/main/vendor/laravel/framework/src/Illuminate/Pipeline/Pipeline.php(180): Illuminate\\Http\\Middleware\\HandleCors->handle()
#50 /home/intheloop/Desktop/SchoolHub/main/vendor/laravel/framework/src/Illuminate/Http/Middleware/TrustProxies.php(39): Illuminate\\Pipeline\\Pipeline->Illuminate\\Pipeline\\{closure}()
#51 /home/intheloop/Desktop/SchoolHub/main/vendor/laravel/framework/src/Illuminate/Pipeline/Pipeline.php(180): Illuminate\\Http\\Middleware\\TrustProxies->handle()
#52 /home/intheloop/Desktop/SchoolHub/main/vendor/laravel/framework/src/Illuminate/Pipeline/Pipeline.php(116): Illuminate\\Pipeline\\Pipeline->Illuminate\\Pipeline\\{closure}()
#53 /home/intheloop/Desktop/SchoolHub/main/vendor/laravel/framework/src/Illuminate/Foundation/Http/Kernel.php(175): Illuminate\\Pipeline\\Pipeline->then()
#54 /home/intheloop/Desktop/SchoolHub/main/vendor/laravel/framework/src/Illuminate/Foundation/Http/Kernel.php(144): Illuminate\\Foundation\\Http\\Kernel->sendRequestThroughRouter()
#55 /home/intheloop/Desktop/SchoolHub/main/public/index.php(52): Illuminate\\Foundation\\Http\\Kernel->handle()
#56 /home/intheloop/Desktop/SchoolHub/main/vendor/laravel/framework/src/Illuminate/Foundation/resources/server.php(16): require_once('...')
#57 {main}
"} 
[2023-10-02 14:26:43] local.ERROR: Please provide a valid cache path. {"userId":11,"exception":"[object] (InvalidArgumentException(code: 0): Please provide a valid cache path. at /home/intheloop/Desktop/SchoolHub/main/vendor/laravel/framework/src/Illuminate/View/Compilers/Compiler.php:66)
[stacktrace]
#0 /home/intheloop/Desktop/SchoolHub/main/vendor/laravel/framework/src/Illuminate/View/ViewServiceProvider.php(101): Illuminate\\View\\Compilers\\Compiler->__construct()
#1 /home/intheloop/Desktop/SchoolHub/main/vendor/laravel/framework/src/Illuminate/Container/Container.php(908): Illuminate\\View\\ViewServiceProvider->Illuminate\\View\\{closure}()
#2 /home/intheloop/Desktop/SchoolHub/main/vendor/laravel/framework/src/Illuminate/Container/Container.php(795): Illuminate\\Container\\Container->build()
#3 /home/intheloop/Desktop/SchoolHub/main/vendor/laravel/framework/src/Illuminate/Foundation/Application.php(937): Illuminate\\Container\\Container->resolve()
#4 /home/intheloop/Desktop/SchoolHub/main/vendor/laravel/framework/src/Illuminate/Container/Container.php(731): Illuminate\\Foundation\\Application->resolve()
#5 /home/intheloop/Desktop/SchoolHub/main/vendor/laravel/framework/src/Illuminate/Foundation/Application.php(922): Illuminate\\Container\\Container->make()
#6 /home/intheloop/Desktop/SchoolHub/main/vendor/laravel/framework/src/Illuminate/Container/Container.php(1454): Illuminate\\Foundation\\Application->make()
#7 /home/intheloop/Desktop/SchoolHub/main/vendor/laravel/framework/src/Illuminate/View/ViewServiceProvider.php(164): Illuminate\\Container\\Container->offsetGet()
#8 [internal function]: Illuminate\\View\\ViewServiceProvider->Illuminate\\View\\{closure}()
#9 /home/intheloop/Desktop/SchoolHub/main/vendor/laravel/framework/src/Illuminate/View/Engines/EngineResolver.php(55): call_user_func()
#10 /home/intheloop/Desktop/SchoolHub/main/vendor/laravel/framework/src/Illuminate/View/Factory.php(310): Illuminate\\View\\Engines\\EngineResolver->resolve()
#11 /home/intheloop/Desktop/SchoolHub/main/vendor/laravel/framework/src/Illuminate/View/Factory.php(274): Illuminate\\View\\Factory->getEngineFromPath()
#12 /home/intheloop/Desktop/SchoolHub/main/vendor/laravel/framework/src/Illuminate/View/Factory.php(146): Illuminate\\View\\Factory->viewInstance()
#13 /home/intheloop/Desktop/SchoolHub/main/vendor/laravel/framework/src/Illuminate/Routing/ResponseFactory.php(87): Illuminate\\View\\Factory->make()
#14 /home/intheloop/Desktop/SchoolHub/main/vendor/laravel/framework/src/Illuminate/Foundation/Exceptions/Handler.php(684): Illuminate\\Routing\\ResponseFactory->view()
#15 /home/intheloop/Desktop/SchoolHub/main/vendor/laravel/framework/src/Illuminate/Foundation/Exceptions/Handler.php(609): Illuminate\\Foundation\\Exceptions\\Handler->renderHttpException()
#16 /home/intheloop/Desktop/SchoolHub/main/vendor/laravel/framework/src/Illuminate/Foundation/Exceptions/Handler.php(515): Illuminate\\Foundation\\Exceptions\\Handler->prepareResponse()
#17 /home/intheloop/Desktop/SchoolHub/main/vendor/laravel/framework/src/Illuminate/Foundation/Exceptions/Handler.php(432): Illuminate\\Foundation\\Exceptions\\Handler->renderExceptionResponse()
#18 /home/intheloop/Desktop/SchoolHub/main/vendor/laravel/framework/src/Illuminate/Routing/Pipeline.php(51): Illuminate\\Foundation\\Exceptions\\Handler->render()
#19 /home/intheloop/Desktop/SchoolHub/main/vendor/laravel/framework/src/Illuminate/Pipeline/Pipeline.php(185): Illuminate\\Routing\\Pipeline->handleException()
#20 /home/intheloop/Desktop/SchoolHub/main/vendor/laravel/framework/src/Illuminate/Routing/Middleware/ThrottleRequests.php(159): Illuminate\\Pipeline\\Pipeline->Illuminate\\Pipeline\\{closure}()
#21 /home/intheloop/Desktop/SchoolHub/main/vendor/laravel/framework/src/Illuminate/Routing/Middleware/ThrottleRequests.php(135): Illuminate\\Routing\\Middleware\\ThrottleRequests->handleRequest()
#22 /home/intheloop/Desktop/SchoolHub/main/vendor/laravel/framework/src/Illuminate/Routing/Middleware/ThrottleRequests.php(87): Illuminate\\Routing\\Middleware\\ThrottleRequests->handleRequestUsingNamedLimiter()
#23 /home/intheloop/Desktop/SchoolHub/main/vendor/laravel/framework/src/Illuminate/Pipeline/Pipeline.php(180): Illuminate\\Routing\\Middleware\\ThrottleRequests->handle()
#24 /home/intheloop/Desktop/SchoolHub/main/vendor/laravel/framework/src/Illuminate/Auth/Middleware/Authenticate.php(57): Illuminate\\Pipeline\\Pipeline->Illuminate\\Pipeline\\{closure}()
#25 /home/intheloop/Desktop/SchoolHub/main/vendor/laravel/framework/src/Illuminate/Pipeline/Pipeline.php(180): Illuminate\\Auth\\Middleware\\Authenticate->handle()
#26 /home/intheloop/Desktop/SchoolHub/main/vendor/laravel/sanctum/src/Http/Middleware/EnsureFrontendRequestsAreStateful.php(25): Illuminate\\Pipeline\\Pipeline->Illuminate\\Pipeline\\{closure}()
#27 /home/intheloop/Desktop/SchoolHub/main/vendor/laravel/framework/src/Illuminate/Pipeline/Pipeline.php(141): Laravel\\Sanctum\\Http\\Middleware\\EnsureFrontendRequestsAreStateful->Laravel\\Sanctum\\Http\\Middleware\\{closure}()
#28 /home/intheloop/Desktop/SchoolHub/main/vendor/laravel/framework/src/Illuminate/Pipeline/Pipeline.php(116): Illuminate\\Pipeline\\Pipeline->Illuminate\\Pipeline\\{closure}()
#29 /home/intheloop/Desktop/SchoolHub/main/vendor/laravel/sanctum/src/Http/Middleware/EnsureFrontendRequestsAreStateful.php(26): Illuminate\\Pipeline\\Pipeline->then()
#30 /home/intheloop/Desktop/SchoolHub/main/vendor/laravel/framework/src/Illuminate/Pipeline/Pipeline.php(180): Laravel\\Sanctum\\Http\\Middleware\\EnsureFrontendRequestsAreStateful->handle()
#31 /home/intheloop/Desktop/SchoolHub/main/vendor/laravel/framework/src/Illuminate/Pipeline/Pipeline.php(116): Illuminate\\Pipeline\\Pipeline->Illuminate\\Pipeline\\{closure}()
#32 /home/intheloop/Desktop/SchoolHub/main/vendor/laravel/framework/src/Illuminate/Routing/Router.php(800): Illuminate\\Pipeline\\Pipeline->then()
#33 /home/intheloop/Desktop/SchoolHub/main/vendor/laravel/framework/src/Illuminate/Routing/Router.php(777): Illuminate\\Routing\\Router->runRouteWithinStack()
#34 /home/intheloop/Desktop/SchoolHub/main/vendor/laravel/framework/src/Illuminate/Routing/Router.php(741): Illuminate\\Routing\\Router->runRoute()
#35 /home/intheloop/Desktop/SchoolHub/main/vendor/laravel/framework/src/Illuminate/Routing/Router.php(730): Illuminate\\Routing\\Router->dispatchToRoute()
#36 /home/intheloop/Desktop/SchoolHub/main/vendor/laravel/framework/src/Illuminate/Foundation/Http/Kernel.php(200): Illuminate\\Routing\\Router->dispatch()
#37 /home/intheloop/Desktop/SchoolHub/main/vendor/laravel/framework/src/Illuminate/Pipeline/Pipeline.php(141): Illuminate\\Foundation\\Http\\Kernel->Illuminate\\Foundation\\Http\\{closure}()
#38 /home/intheloop/Desktop/SchoolHub/main/vendor/laravel/framework/src/Illuminate/Foundation/Http/Middleware/TransformsRequest.php(21): Illuminate\\Pipeline\\Pipeline->Illuminate\\Pipeline\\{closure}()
#39 /home/intheloop/Desktop/SchoolHub/main/vendor/laravel/framework/src/Illuminate/Foundation/Http/Middleware/ConvertEmptyStringsToNull.php(31): Illuminate\\Foundation\\Http\\Middleware\\TransformsRequest->handle()
#40 /home/intheloop/Desktop/SchoolHub/main/vendor/laravel/framework/src/Illuminate/Pipeline/Pipeline.php(180): Illuminate\\Foundation\\Http\\Middleware\\ConvertEmptyStringsToNull->handle()
#41 /home/intheloop/Desktop/SchoolHub/main/vendor/laravel/framework/src/Illuminate/Foundation/Http/Middleware/TransformsRequest.php(21): Illuminate\\Pipeline\\Pipeline->Illuminate\\Pipeline\\{closure}()
#42 /home/intheloop/Desktop/SchoolHub/main/vendor/laravel/framework/src/Illuminate/Foundation/Http/Middleware/TrimStrings.php(40): Illuminate\\Foundation\\Http\\Middleware\\TransformsRequest->handle()
#43 /home/intheloop/Desktop/SchoolHub/main/vendor/laravel/framework/src/Illuminate/Pipeline/Pipeline.php(180): Illuminate\\Foundation\\Http\\Middleware\\TrimStrings->handle()
#44 /home/intheloop/Desktop/SchoolHub/main/vendor/laravel/framework/src/Illuminate/Foundation/Http/Middleware/ValidatePostSize.php(27): Illuminate\\Pipeline\\Pipeline->Illuminate\\Pipeline\\{closure}()
#45 /home/intheloop/Desktop/SchoolHub/main/vendor/laravel/framework/src/Illuminate/Pipeline/Pipeline.php(180): Illuminate\\Foundation\\Http\\Middleware\\ValidatePostSize->handle()
#46 /home/intheloop/Desktop/SchoolHub/main/vendor/laravel/framework/src/Illuminate/Foundation/Http/Middleware/PreventRequestsDuringMaintenance.php(89): Illuminate\\Pipeline\\Pipeline->Illuminate\\Pipeline\\{closure}()
#47 /home/intheloop/Desktop/SchoolHub/main/vendor/laravel/framework/src/Illuminate/Pipeline/Pipeline.php(180): Illuminate\\Foundation\\Http\\Middleware\\PreventRequestsDuringMaintenance->handle()
#48 /home/intheloop/Desktop/SchoolHub/main/vendor/laravel/framework/src/Illuminate/Http/Middleware/HandleCors.php(62): Illuminate\\Pipeline\\Pipeline->Illuminate\\Pipeline\\{closure}()
#49 /home/intheloop/Desktop/SchoolHub/main/vendor/laravel/framework/src/Illuminate/Pipeline/Pipeline.php(180): Illuminate\\Http\\Middleware\\HandleCors->handle()
#50 /home/intheloop/Desktop/SchoolHub/main/vendor/laravel/framework/src/Illuminate/Http/Middleware/TrustProxies.php(39): Illuminate\\Pipeline\\Pipeline->Illuminate\\Pipeline\\{closure}()
#51 /home/intheloop/Desktop/SchoolHub/main/vendor/laravel/framework/src/Illuminate/Pipeline/Pipeline.php(180): Illuminate\\Http\\Middleware\\TrustProxies->handle()
#52 /home/intheloop/Desktop/SchoolHub/main/vendor/laravel/framework/src/Illuminate/Pipeline/Pipeline.php(116): Illuminate\\Pipeline\\Pipeline->Illuminate\\Pipeline\\{closure}()
#53 /home/intheloop/Desktop/SchoolHub/main/vendor/laravel/framework/src/Illuminate/Foundation/Http/Kernel.php(175): Illuminate\\Pipeline\\Pipeline->then()
#54 /home/intheloop/Desktop/SchoolHub/main/vendor/laravel/framework/src/Illuminate/Foundation/Http/Kernel.php(144): Illuminate\\Foundation\\Http\\Kernel->sendRequestThroughRouter()
#55 /home/intheloop/Desktop/SchoolHub/main/public/index.php(52): Illuminate\\Foundation\\Http\\Kernel->handle()
#56 /home/intheloop/Desktop/SchoolHub/main/vendor/laravel/framework/src/Illuminate/Foundation/resources/server.php(16): require_once('...')
#57 {main}
"} 
[2023-10-02 14:27:15] local.ERROR: No application encryption key has been specified. {"exception":"[object] (Illuminate\\Encryption\\MissingAppKeyException(code: 0): No application encryption key has been specified. at /home/intheloop/Desktop/SchoolHub/main/vendor/laravel/framework/src/Illuminate/Encryption/EncryptionServiceProvider.php:79)
[stacktrace]
#0 /home/intheloop/Desktop/SchoolHub/main/vendor/laravel/framework/src/Illuminate/Support/helpers.php(307): Illuminate\\Encryption\\EncryptionServiceProvider->Illuminate\\Encryption\\{closure}()
#1 /home/intheloop/Desktop/SchoolHub/main/vendor/laravel/framework/src/Illuminate/Encryption/EncryptionServiceProvider.php(81): tap()
#2 /home/intheloop/Desktop/SchoolHub/main/vendor/laravel/framework/src/Illuminate/Encryption/EncryptionServiceProvider.php(60): Illuminate\\Encryption\\EncryptionServiceProvider->key()
#3 /home/intheloop/Desktop/SchoolHub/main/vendor/laravel/framework/src/Illuminate/Encryption/EncryptionServiceProvider.php(32): Illuminate\\Encryption\\EncryptionServiceProvider->parseKey()
#4 /home/intheloop/Desktop/SchoolHub/main/vendor/laravel/framework/src/Illuminate/Container/Container.php(908): Illuminate\\Encryption\\EncryptionServiceProvider->Illuminate\\Encryption\\{closure}()
#5 /home/intheloop/Desktop/SchoolHub/main/vendor/laravel/framework/src/Illuminate/Container/Container.php(795): Illuminate\\Container\\Container->build()
#6 /home/intheloop/Desktop/SchoolHub/main/vendor/laravel/framework/src/Illuminate/Foundation/Application.php(937): Illuminate\\Container\\Container->resolve()
#7 /home/intheloop/Desktop/SchoolHub/main/vendor/laravel/framework/src/Illuminate/Container/Container.php(731): Illuminate\\Foundation\\Application->resolve()
#8 /home/intheloop/Desktop/SchoolHub/main/vendor/laravel/framework/src/Illuminate/Foundation/Application.php(922): Illuminate\\Container\\Container->make()
#9 /home/intheloop/Desktop/SchoolHub/main/vendor/laravel/framework/src/Illuminate/Container/Container.php(1066): Illuminate\\Foundation\\Application->make()
#10 /home/intheloop/Desktop/SchoolHub/main/vendor/laravel/framework/src/Illuminate/Container/Container.php(982): Illuminate\\Container\\Container->resolveClass()
#11 /home/intheloop/Desktop/SchoolHub/main/vendor/laravel/framework/src/Illuminate/Container/Container.php(943): Illuminate\\Container\\Container->resolveDependencies()
#12 /home/intheloop/Desktop/SchoolHub/main/vendor/laravel/framework/src/Illuminate/Container/Container.php(795): Illuminate\\Container\\Container->build()
#13 /home/intheloop/Desktop/SchoolHub/main/vendor/laravel/framework/src/Illuminate/Foundation/Application.php(937): Illuminate\\Container\\Container->resolve()
#14 /home/intheloop/Desktop/SchoolHub/main/vendor/laravel/framework/src/Illuminate/Container/Container.php(731): Illuminate\\Foundation\\Application->resolve()
#15 /home/intheloop/Desktop/SchoolHub/main/vendor/laravel/framework/src/Illuminate/Foundation/Application.php(922): Illuminate\\Container\\Container->make()
#16 /home/intheloop/Desktop/SchoolHub/main/vendor/laravel/framework/src/Illuminate/Pipeline/Pipeline.php(169): Illuminate\\Foundation\\Application->make()
#17 /home/intheloop/Desktop/SchoolHub/main/vendor/laravel/framework/src/Illuminate/Pipeline/Pipeline.php(116): Illuminate\\Pipeline\\Pipeline->Illuminate\\Pipeline\\{closure}()
#18 /home/intheloop/Desktop/SchoolHub/main/vendor/laravel/framework/src/Illuminate/Routing/Router.php(800): Illuminate\\Pipeline\\Pipeline->then()
#19 /home/intheloop/Desktop/SchoolHub/main/vendor/laravel/framework/src/Illuminate/Routing/Router.php(777): Illuminate\\Routing\\Router->runRouteWithinStack()
#20 /home/intheloop/Desktop/SchoolHub/main/vendor/laravel/framework/src/Illuminate/Routing/Router.php(741): Illuminate\\Routing\\Router->runRoute()
#21 /home/intheloop/Desktop/SchoolHub/main/vendor/laravel/framework/src/Illuminate/Routing/Router.php(730): Illuminate\\Routing\\Router->dispatchToRoute()
#22 /home/intheloop/Desktop/SchoolHub/main/vendor/laravel/framework/src/Illuminate/Foundation/Http/Kernel.php(200): Illuminate\\Routing\\Router->dispatch()
#23 /home/intheloop/Desktop/SchoolHub/main/vendor/laravel/framework/src/Illuminate/Pipeline/Pipeline.php(141): Illuminate\\Foundation\\Http\\Kernel->Illuminate\\Foundation\\Http\\{closure}()
#24 /home/intheloop/Desktop/SchoolHub/main/vendor/laravel/framework/src/Illuminate/Foundation/Http/Middleware/TransformsRequest.php(21): Illuminate\\Pipeline\\Pipeline->Illuminate\\Pipeline\\{closure}()
#25 /home/intheloop/Desktop/SchoolHub/main/vendor/laravel/framework/src/Illuminate/Foundation/Http/Middleware/ConvertEmptyStringsToNull.php(31): Illuminate\\Foundation\\Http\\Middleware\\TransformsRequest->handle()
#26 /home/intheloop/Desktop/SchoolHub/main/vendor/laravel/framework/src/Illuminate/Pipeline/Pipeline.php(180): Illuminate\\Foundation\\Http\\Middleware\\ConvertEmptyStringsToNull->handle()
#27 /home/intheloop/Desktop/SchoolHub/main/vendor/laravel/framework/src/Illuminate/Foundation/Http/Middleware/TransformsRequest.php(21): Illuminate\\Pipeline\\Pipeline->Illuminate\\Pipeline\\{closure}()
#28 /home/intheloop/Desktop/SchoolHub/main/vendor/laravel/framework/src/Illuminate/Foundation/Http/Middleware/TrimStrings.php(40): Illuminate\\Foundation\\Http\\Middleware\\TransformsRequest->handle()
#29 /home/intheloop/Desktop/SchoolHub/main/vendor/laravel/framework/src/Illuminate/Pipeline/Pipeline.php(180): Illuminate\\Foundation\\Http\\Middleware\\TrimStrings->handle()
#30 /home/intheloop/Desktop/SchoolHub/main/vendor/laravel/framework/src/Illuminate/Foundation/Http/Middleware/ValidatePostSize.php(27): Illuminate\\Pipeline\\Pipeline->Illuminate\\Pipeline\\{closure}()
#31 /home/intheloop/Desktop/SchoolHub/main/vendor/laravel/framework/src/Illuminate/Pipeline/Pipeline.php(180): Illuminate\\Foundation\\Http\\Middleware\\ValidatePostSize->handle()
#32 /home/intheloop/Desktop/SchoolHub/main/vendor/laravel/framework/src/Illuminate/Foundation/Http/Middleware/PreventRequestsDuringMaintenance.php(89): Illuminate\\Pipeline\\Pipeline->Illuminate\\Pipeline\\{closure}()
#33 /home/intheloop/Desktop/SchoolHub/main/vendor/laravel/framework/src/Illuminate/Pipeline/Pipeline.php(180): Illuminate\\Foundation\\Http\\Middleware\\PreventRequestsDuringMaintenance->handle()
#34 /home/intheloop/Desktop/SchoolHub/main/vendor/laravel/framework/src/Illuminate/Http/Middleware/HandleCors.php(62): Illuminate\\Pipeline\\Pipeline->Illuminate\\Pipeline\\{closure}()
#35 /home/intheloop/Desktop/SchoolHub/main/vendor/laravel/framework/src/Illuminate/Pipeline/Pipeline.php(180): Illuminate\\Http\\Middleware\\HandleCors->handle()
#36 /home/intheloop/Desktop/SchoolHub/main/vendor/laravel/framework/src/Illuminate/Http/Middleware/TrustProxies.php(39): Illuminate\\Pipeline\\Pipeline->Illuminate\\Pipeline\\{closure}()
#37 /home/intheloop/Desktop/SchoolHub/main/vendor/laravel/framework/src/Illuminate/Pipeline/Pipeline.php(180): Illuminate\\Http\\Middleware\\TrustProxies->handle()
#38 /home/intheloop/Desktop/SchoolHub/main/vendor/laravel/framework/src/Illuminate/Pipeline/Pipeline.php(116): Illuminate\\Pipeline\\Pipeline->Illuminate\\Pipeline\\{closure}()
#39 /home/intheloop/Desktop/SchoolHub/main/vendor/laravel/framework/src/Illuminate/Foundation/Http/Kernel.php(175): Illuminate\\Pipeline\\Pipeline->then()
#40 /home/intheloop/Desktop/SchoolHub/main/vendor/laravel/framework/src/Illuminate/Foundation/Http/Kernel.php(144): Illuminate\\Foundation\\Http\\Kernel->sendRequestThroughRouter()
#41 /home/intheloop/Desktop/SchoolHub/main/public/index.php(52): Illuminate\\Foundation\\Http\\Kernel->handle()
#42 /home/intheloop/Desktop/SchoolHub/main/vendor/laravel/framework/src/Illuminate/Foundation/resources/server.php(16): require_once('...')
#43 {main}
"} 
[2023-10-02 14:27:15] local.ERROR: No application encryption key has been specified. {"exception":"[object] (Illuminate\\Encryption\\MissingAppKeyException(code: 0): No application encryption key has been specified. at /home/intheloop/Desktop/SchoolHub/main/vendor/laravel/framework/src/Illuminate/Encryption/EncryptionServiceProvider.php:79)
[stacktrace]
#0 /home/intheloop/Desktop/SchoolHub/main/vendor/laravel/framework/src/Illuminate/Support/helpers.php(307): Illuminate\\Encryption\\EncryptionServiceProvider->Illuminate\\Encryption\\{closure}()
#1 /home/intheloop/Desktop/SchoolHub/main/vendor/laravel/framework/src/Illuminate/Encryption/EncryptionServiceProvider.php(81): tap()
#2 /home/intheloop/Desktop/SchoolHub/main/vendor/laravel/framework/src/Illuminate/Encryption/EncryptionServiceProvider.php(60): Illuminate\\Encryption\\EncryptionServiceProvider->key()
#3 /home/intheloop/Desktop/SchoolHub/main/vendor/laravel/framework/src/Illuminate/Encryption/EncryptionServiceProvider.php(32): Illuminate\\Encryption\\EncryptionServiceProvider->parseKey()
#4 /home/intheloop/Desktop/SchoolHub/main/vendor/laravel/framework/src/Illuminate/Container/Container.php(908): Illuminate\\Encryption\\EncryptionServiceProvider->Illuminate\\Encryption\\{closure}()
#5 /home/intheloop/Desktop/SchoolHub/main/vendor/laravel/framework/src/Illuminate/Container/Container.php(795): Illuminate\\Container\\Container->build()
#6 /home/intheloop/Desktop/SchoolHub/main/vendor/laravel/framework/src/Illuminate/Foundation/Application.php(937): Illuminate\\Container\\Container->resolve()
#7 /home/intheloop/Desktop/SchoolHub/main/vendor/laravel/framework/src/Illuminate/Container/Container.php(731): Illuminate\\Foundation\\Application->resolve()
#8 /home/intheloop/Desktop/SchoolHub/main/vendor/laravel/framework/src/Illuminate/Foundation/Application.php(922): Illuminate\\Container\\Container->make()
#9 /home/intheloop/Desktop/SchoolHub/main/vendor/laravel/framework/src/Illuminate/Container/Container.php(1066): Illuminate\\Foundation\\Application->make()
#10 /home/intheloop/Desktop/SchoolHub/main/vendor/laravel/framework/src/Illuminate/Container/Container.php(982): Illuminate\\Container\\Container->resolveClass()
#11 /home/intheloop/Desktop/SchoolHub/main/vendor/laravel/framework/src/Illuminate/Container/Container.php(943): Illuminate\\Container\\Container->resolveDependencies()
#12 /home/intheloop/Desktop/SchoolHub/main/vendor/laravel/framework/src/Illuminate/Container/Container.php(795): Illuminate\\Container\\Container->build()
#13 /home/intheloop/Desktop/SchoolHub/main/vendor/laravel/framework/src/Illuminate/Foundation/Application.php(937): Illuminate\\Container\\Container->resolve()
#14 /home/intheloop/Desktop/SchoolHub/main/vendor/laravel/framework/src/Illuminate/Container/Container.php(731): Illuminate\\Foundation\\Application->resolve()
#15 /home/intheloop/Desktop/SchoolHub/main/vendor/laravel/framework/src/Illuminate/Foundation/Application.php(922): Illuminate\\Container\\Container->make()
#16 /home/intheloop/Desktop/SchoolHub/main/vendor/laravel/framework/src/Illuminate/Foundation/Http/Kernel.php(255): Illuminate\\Foundation\\Application->make()
#17 /home/intheloop/Desktop/SchoolHub/main/vendor/laravel/framework/src/Illuminate/Foundation/Http/Kernel.php(213): Illuminate\\Foundation\\Http\\Kernel->terminateMiddleware()
#18 /home/intheloop/Desktop/SchoolHub/main/public/index.php(55): Illuminate\\Foundation\\Http\\Kernel->terminate()
#19 /home/intheloop/Desktop/SchoolHub/main/vendor/laravel/framework/src/Illuminate/Foundation/resources/server.php(16): require_once('...')
#20 {main}
"} 
[2023-10-02 14:27:20] local.ERROR: Please provide a valid cache path. {"userId":11,"exception":"[object] (InvalidArgumentException(code: 0): Please provide a valid cache path. at /home/intheloop/Desktop/SchoolHub/main/vendor/laravel/framework/src/Illuminate/View/Compilers/Compiler.php:66)
[stacktrace]
#0 /home/intheloop/Desktop/SchoolHub/main/vendor/laravel/framework/src/Illuminate/View/ViewServiceProvider.php(101): Illuminate\\View\\Compilers\\Compiler->__construct()
#1 /home/intheloop/Desktop/SchoolHub/main/vendor/laravel/framework/src/Illuminate/Container/Container.php(908): Illuminate\\View\\ViewServiceProvider->Illuminate\\View\\{closure}()
#2 /home/intheloop/Desktop/SchoolHub/main/vendor/laravel/framework/src/Illuminate/Container/Container.php(795): Illuminate\\Container\\Container->build()
#3 /home/intheloop/Desktop/SchoolHub/main/vendor/laravel/framework/src/Illuminate/Foundation/Application.php(937): Illuminate\\Container\\Container->resolve()
#4 /home/intheloop/Desktop/SchoolHub/main/vendor/laravel/framework/src/Illuminate/Container/Container.php(731): Illuminate\\Foundation\\Application->resolve()
#5 /home/intheloop/Desktop/SchoolHub/main/vendor/laravel/framework/src/Illuminate/Foundation/Application.php(922): Illuminate\\Container\\Container->make()
#6 /home/intheloop/Desktop/SchoolHub/main/vendor/laravel/framework/src/Illuminate/Container/Container.php(1454): Illuminate\\Foundation\\Application->make()
#7 /home/intheloop/Desktop/SchoolHub/main/vendor/laravel/framework/src/Illuminate/View/ViewServiceProvider.php(164): Illuminate\\Container\\Container->offsetGet()
#8 [internal function]: Illuminate\\View\\ViewServiceProvider->Illuminate\\View\\{closure}()
#9 /home/intheloop/Desktop/SchoolHub/main/vendor/laravel/framework/src/Illuminate/View/Engines/EngineResolver.php(55): call_user_func()
#10 /home/intheloop/Desktop/SchoolHub/main/vendor/laravel/framework/src/Illuminate/View/Factory.php(310): Illuminate\\View\\Engines\\EngineResolver->resolve()
#11 /home/intheloop/Desktop/SchoolHub/main/vendor/laravel/framework/src/Illuminate/View/Factory.php(274): Illuminate\\View\\Factory->getEngineFromPath()
#12 /home/intheloop/Desktop/SchoolHub/main/vendor/laravel/framework/src/Illuminate/View/Factory.php(146): Illuminate\\View\\Factory->viewInstance()
#13 /home/intheloop/Desktop/SchoolHub/main/vendor/laravel/framework/src/Illuminate/Routing/ResponseFactory.php(87): Illuminate\\View\\Factory->make()
#14 /home/intheloop/Desktop/SchoolHub/main/vendor/laravel/framework/src/Illuminate/Foundation/Exceptions/Handler.php(684): Illuminate\\Routing\\ResponseFactory->view()
#15 /home/intheloop/Desktop/SchoolHub/main/vendor/laravel/framework/src/Illuminate/Foundation/Exceptions/Handler.php(609): Illuminate\\Foundation\\Exceptions\\Handler->renderHttpException()
#16 /home/intheloop/Desktop/SchoolHub/main/vendor/laravel/framework/src/Illuminate/Foundation/Exceptions/Handler.php(515): Illuminate\\Foundation\\Exceptions\\Handler->prepareResponse()
#17 /home/intheloop/Desktop/SchoolHub/main/vendor/laravel/framework/src/Illuminate/Foundation/Exceptions/Handler.php(432): Illuminate\\Foundation\\Exceptions\\Handler->renderExceptionResponse()
#18 /home/intheloop/Desktop/SchoolHub/main/vendor/laravel/framework/src/Illuminate/Routing/Pipeline.php(51): Illuminate\\Foundation\\Exceptions\\Handler->render()
#19 /home/intheloop/Desktop/SchoolHub/main/vendor/laravel/framework/src/Illuminate/Pipeline/Pipeline.php(185): Illuminate\\Routing\\Pipeline->handleException()
#20 /home/intheloop/Desktop/SchoolHub/main/vendor/laravel/framework/src/Illuminate/Routing/Middleware/ThrottleRequests.php(159): Illuminate\\Pipeline\\Pipeline->Illuminate\\Pipeline\\{closure}()
#21 /home/intheloop/Desktop/SchoolHub/main/vendor/laravel/framework/src/Illuminate/Routing/Middleware/ThrottleRequests.php(135): Illuminate\\Routing\\Middleware\\ThrottleRequests->handleRequest()
#22 /home/intheloop/Desktop/SchoolHub/main/vendor/laravel/framework/src/Illuminate/Routing/Middleware/ThrottleRequests.php(87): Illuminate\\Routing\\Middleware\\ThrottleRequests->handleRequestUsingNamedLimiter()
#23 /home/intheloop/Desktop/SchoolHub/main/vendor/laravel/framework/src/Illuminate/Pipeline/Pipeline.php(180): Illuminate\\Routing\\Middleware\\ThrottleRequests->handle()
#24 /home/intheloop/Desktop/SchoolHub/main/vendor/laravel/framework/src/Illuminate/Auth/Middleware/Authenticate.php(57): Illuminate\\Pipeline\\Pipeline->Illuminate\\Pipeline\\{closure}()
#25 /home/intheloop/Desktop/SchoolHub/main/vendor/laravel/framework/src/Illuminate/Pipeline/Pipeline.php(180): Illuminate\\Auth\\Middleware\\Authenticate->handle()
#26 /home/intheloop/Desktop/SchoolHub/main/vendor/laravel/sanctum/src/Http/Middleware/EnsureFrontendRequestsAreStateful.php(25): Illuminate\\Pipeline\\Pipeline->Illuminate\\Pipeline\\{closure}()
#27 /home/intheloop/Desktop/SchoolHub/main/vendor/laravel/framework/src/Illuminate/Pipeline/Pipeline.php(141): Laravel\\Sanctum\\Http\\Middleware\\EnsureFrontendRequestsAreStateful->Laravel\\Sanctum\\Http\\Middleware\\{closure}()
#28 /home/intheloop/Desktop/SchoolHub/main/vendor/laravel/framework/src/Illuminate/Pipeline/Pipeline.php(116): Illuminate\\Pipeline\\Pipeline->Illuminate\\Pipeline\\{closure}()
#29 /home/intheloop/Desktop/SchoolHub/main/vendor/laravel/sanctum/src/Http/Middleware/EnsureFrontendRequestsAreStateful.php(26): Illuminate\\Pipeline\\Pipeline->then()
#30 /home/intheloop/Desktop/SchoolHub/main/vendor/laravel/framework/src/Illuminate/Pipeline/Pipeline.php(180): Laravel\\Sanctum\\Http\\Middleware\\EnsureFrontendRequestsAreStateful->handle()
#31 /home/intheloop/Desktop/SchoolHub/main/vendor/laravel/framework/src/Illuminate/Pipeline/Pipeline.php(116): Illuminate\\Pipeline\\Pipeline->Illuminate\\Pipeline\\{closure}()
#32 /home/intheloop/Desktop/SchoolHub/main/vendor/laravel/framework/src/Illuminate/Routing/Router.php(800): Illuminate\\Pipeline\\Pipeline->then()
#33 /home/intheloop/Desktop/SchoolHub/main/vendor/laravel/framework/src/Illuminate/Routing/Router.php(777): Illuminate\\Routing\\Router->runRouteWithinStack()
#34 /home/intheloop/Desktop/SchoolHub/main/vendor/laravel/framework/src/Illuminate/Routing/Router.php(741): Illuminate\\Routing\\Router->runRoute()
#35 /home/intheloop/Desktop/SchoolHub/main/vendor/laravel/framework/src/Illuminate/Routing/Router.php(730): Illuminate\\Routing\\Router->dispatchToRoute()
#36 /home/intheloop/Desktop/SchoolHub/main/vendor/laravel/framework/src/Illuminate/Foundation/Http/Kernel.php(200): Illuminate\\Routing\\Router->dispatch()
#37 /home/intheloop/Desktop/SchoolHub/main/vendor/laravel/framework/src/Illuminate/Pipeline/Pipeline.php(141): Illuminate\\Foundation\\Http\\Kernel->Illuminate\\Foundation\\Http\\{closure}()
#38 /home/intheloop/Desktop/SchoolHub/main/vendor/laravel/framework/src/Illuminate/Foundation/Http/Middleware/TransformsRequest.php(21): Illuminate\\Pipeline\\Pipeline->Illuminate\\Pipeline\\{closure}()
#39 /home/intheloop/Desktop/SchoolHub/main/vendor/laravel/framework/src/Illuminate/Foundation/Http/Middleware/ConvertEmptyStringsToNull.php(31): Illuminate\\Foundation\\Http\\Middleware\\TransformsRequest->handle()
#40 /home/intheloop/Desktop/SchoolHub/main/vendor/laravel/framework/src/Illuminate/Pipeline/Pipeline.php(180): Illuminate\\Foundation\\Http\\Middleware\\ConvertEmptyStringsToNull->handle()
#41 /home/intheloop/Desktop/SchoolHub/main/vendor/laravel/framework/src/Illuminate/Foundation/Http/Middleware/TransformsRequest.php(21): Illuminate\\Pipeline\\Pipeline->Illuminate\\Pipeline\\{closure}()
#42 /home/intheloop/Desktop/SchoolHub/main/vendor/laravel/framework/src/Illuminate/Foundation/Http/Middleware/TrimStrings.php(40): Illuminate\\Foundation\\Http\\Middleware\\TransformsRequest->handle()
#43 /home/intheloop/Desktop/SchoolHub/main/vendor/laravel/framework/src/Illuminate/Pipeline/Pipeline.php(180): Illuminate\\Foundation\\Http\\Middleware\\TrimStrings->handle()
#44 /home/intheloop/Desktop/SchoolHub/main/vendor/laravel/framework/src/Illuminate/Foundation/Http/Middleware/ValidatePostSize.php(27): Illuminate\\Pipeline\\Pipeline->Illuminate\\Pipeline\\{closure}()
#45 /home/intheloop/Desktop/SchoolHub/main/vendor/laravel/framework/src/Illuminate/Pipeline/Pipeline.php(180): Illuminate\\Foundation\\Http\\Middleware\\ValidatePostSize->handle()
#46 /home/intheloop/Desktop/SchoolHub/main/vendor/laravel/framework/src/Illuminate/Foundation/Http/Middleware/PreventRequestsDuringMaintenance.php(89): Illuminate\\Pipeline\\Pipeline->Illuminate\\Pipeline\\{closure}()
#47 /home/intheloop/Desktop/SchoolHub/main/vendor/laravel/framework/src/Illuminate/Pipeline/Pipeline.php(180): Illuminate\\Foundation\\Http\\Middleware\\PreventRequestsDuringMaintenance->handle()
#48 /home/intheloop/Desktop/SchoolHub/main/vendor/laravel/framework/src/Illuminate/Http/Middleware/HandleCors.php(62): Illuminate\\Pipeline\\Pipeline->Illuminate\\Pipeline\\{closure}()
#49 /home/intheloop/Desktop/SchoolHub/main/vendor/laravel/framework/src/Illuminate/Pipeline/Pipeline.php(180): Illuminate\\Http\\Middleware\\HandleCors->handle()
#50 /home/intheloop/Desktop/SchoolHub/main/vendor/laravel/framework/src/Illuminate/Http/Middleware/TrustProxies.php(39): Illuminate\\Pipeline\\Pipeline->Illuminate\\Pipeline\\{closure}()
#51 /home/intheloop/Desktop/SchoolHub/main/vendor/laravel/framework/src/Illuminate/Pipeline/Pipeline.php(180): Illuminate\\Http\\Middleware\\TrustProxies->handle()
#52 /home/intheloop/Desktop/SchoolHub/main/vendor/laravel/framework/src/Illuminate/Pipeline/Pipeline.php(116): Illuminate\\Pipeline\\Pipeline->Illuminate\\Pipeline\\{closure}()
#53 /home/intheloop/Desktop/SchoolHub/main/vendor/laravel/framework/src/Illuminate/Foundation/Http/Kernel.php(175): Illuminate\\Pipeline\\Pipeline->then()
#54 /home/intheloop/Desktop/SchoolHub/main/vendor/laravel/framework/src/Illuminate/Foundation/Http/Kernel.php(144): Illuminate\\Foundation\\Http\\Kernel->sendRequestThroughRouter()
#55 /home/intheloop/Desktop/SchoolHub/main/public/index.php(52): Illuminate\\Foundation\\Http\\Kernel->handle()
#56 /home/intheloop/Desktop/SchoolHub/main/vendor/laravel/framework/src/Illuminate/Foundation/resources/server.php(16): require_once('...')
#57 {main}
"} 
[2023-10-02 14:27:52] local.ERROR: Symfony\Component\HttpFoundation\Response::setContent(): Argument #1 ($content) must be of type ?string, Illuminate\Database\Eloquent\Builder given, called in /home/intheloop/Desktop/SchoolHub/main/vendor/laravel/framework/src/Illuminate/Http/Response.php on line 72 {"userId":11,"exception":"[object] (TypeError(code: 0): Symfony\\Component\\HttpFoundation\\Response::setContent(): Argument #1 ($content) must be of type ?string, Illuminate\\Database\\Eloquent\\Builder given, called in /home/intheloop/Desktop/SchoolHub/main/vendor/laravel/framework/src/Illuminate/Http/Response.php on line 72 at /home/intheloop/Desktop/SchoolHub/main/vendor/symfony/http-foundation/Response.php:442)
[stacktrace]
#0 /home/intheloop/Desktop/SchoolHub/main/vendor/laravel/framework/src/Illuminate/Http/Response.php(72): Symfony\\Component\\HttpFoundation\\Response->setContent()
#1 /home/intheloop/Desktop/SchoolHub/main/vendor/laravel/framework/src/Illuminate/Http/Response.php(35): Illuminate\\Http\\Response->setContent()
#2 /home/intheloop/Desktop/SchoolHub/main/vendor/laravel/framework/src/Illuminate/Routing/Router.php(911): Illuminate\\Http\\Response->__construct()
#3 /home/intheloop/Desktop/SchoolHub/main/vendor/laravel/framework/src/Illuminate/Routing/Router.php(878): Illuminate\\Routing\\Router::toResponse()
#4 /home/intheloop/Desktop/SchoolHub/main/vendor/laravel/framework/src/Illuminate/Routing/Router.php(799): Illuminate\\Routing\\Router->prepareResponse()
#5 /home/intheloop/Desktop/SchoolHub/main/vendor/laravel/framework/src/Illuminate/Pipeline/Pipeline.php(141): Illuminate\\Routing\\Router->Illuminate\\Routing\\{closure}()
#6 /home/intheloop/Desktop/SchoolHub/main/app/Http/Middleware/AcceptJson.php(19): Illuminate\\Pipeline\\Pipeline->Illuminate\\Pipeline\\{closure}()
#7 /home/intheloop/Desktop/SchoolHub/main/vendor/laravel/framework/src/Illuminate/Pipeline/Pipeline.php(180): App\\Http\\Middleware\\AcceptJson->handle()
#8 /home/intheloop/Desktop/SchoolHub/main/vendor/laravel/framework/src/Illuminate/Routing/Middleware/SubstituteBindings.php(50): Illuminate\\Pipeline\\Pipeline->Illuminate\\Pipeline\\{closure}()
#9 /home/intheloop/Desktop/SchoolHub/main/vendor/laravel/framework/src/Illuminate/Pipeline/Pipeline.php(180): Illuminate\\Routing\\Middleware\\SubstituteBindings->handle()
#10 /home/intheloop/Desktop/SchoolHub/main/vendor/laravel/framework/src/Illuminate/Routing/Middleware/ThrottleRequests.php(159): Illuminate\\Pipeline\\Pipeline->Illuminate\\Pipeline\\{closure}()
#11 /home/intheloop/Desktop/SchoolHub/main/vendor/laravel/framework/src/Illuminate/Routing/Middleware/ThrottleRequests.php(135): Illuminate\\Routing\\Middleware\\ThrottleRequests->handleRequest()
#12 /home/intheloop/Desktop/SchoolHub/main/vendor/laravel/framework/src/Illuminate/Routing/Middleware/ThrottleRequests.php(87): Illuminate\\Routing\\Middleware\\ThrottleRequests->handleRequestUsingNamedLimiter()
#13 /home/intheloop/Desktop/SchoolHub/main/vendor/laravel/framework/src/Illuminate/Pipeline/Pipeline.php(180): Illuminate\\Routing\\Middleware\\ThrottleRequests->handle()
#14 /home/intheloop/Desktop/SchoolHub/main/vendor/laravel/framework/src/Illuminate/Auth/Middleware/Authenticate.php(57): Illuminate\\Pipeline\\Pipeline->Illuminate\\Pipeline\\{closure}()
#15 /home/intheloop/Desktop/SchoolHub/main/vendor/laravel/framework/src/Illuminate/Pipeline/Pipeline.php(180): Illuminate\\Auth\\Middleware\\Authenticate->handle()
#16 /home/intheloop/Desktop/SchoolHub/main/vendor/laravel/sanctum/src/Http/Middleware/EnsureFrontendRequestsAreStateful.php(25): Illuminate\\Pipeline\\Pipeline->Illuminate\\Pipeline\\{closure}()
#17 /home/intheloop/Desktop/SchoolHub/main/vendor/laravel/framework/src/Illuminate/Pipeline/Pipeline.php(141): Laravel\\Sanctum\\Http\\Middleware\\EnsureFrontendRequestsAreStateful->Laravel\\Sanctum\\Http\\Middleware\\{closure}()
#18 /home/intheloop/Desktop/SchoolHub/main/vendor/laravel/framework/src/Illuminate/Pipeline/Pipeline.php(116): Illuminate\\Pipeline\\Pipeline->Illuminate\\Pipeline\\{closure}()
#19 /home/intheloop/Desktop/SchoolHub/main/vendor/laravel/sanctum/src/Http/Middleware/EnsureFrontendRequestsAreStateful.php(26): Illuminate\\Pipeline\\Pipeline->then()
#20 /home/intheloop/Desktop/SchoolHub/main/vendor/laravel/framework/src/Illuminate/Pipeline/Pipeline.php(180): Laravel\\Sanctum\\Http\\Middleware\\EnsureFrontendRequestsAreStateful->handle()
#21 /home/intheloop/Desktop/SchoolHub/main/vendor/laravel/framework/src/Illuminate/Pipeline/Pipeline.php(116): Illuminate\\Pipeline\\Pipeline->Illuminate\\Pipeline\\{closure}()
#22 /home/intheloop/Desktop/SchoolHub/main/vendor/laravel/framework/src/Illuminate/Routing/Router.php(800): Illuminate\\Pipeline\\Pipeline->then()
#23 /home/intheloop/Desktop/SchoolHub/main/vendor/laravel/framework/src/Illuminate/Routing/Router.php(777): Illuminate\\Routing\\Router->runRouteWithinStack()
#24 /home/intheloop/Desktop/SchoolHub/main/vendor/laravel/framework/src/Illuminate/Routing/Router.php(741): Illuminate\\Routing\\Router->runRoute()
#25 /home/intheloop/Desktop/SchoolHub/main/vendor/laravel/framework/src/Illuminate/Routing/Router.php(730): Illuminate\\Routing\\Router->dispatchToRoute()
#26 /home/intheloop/Desktop/SchoolHub/main/vendor/laravel/framework/src/Illuminate/Foundation/Http/Kernel.php(200): Illuminate\\Routing\\Router->dispatch()
#27 /home/intheloop/Desktop/SchoolHub/main/vendor/laravel/framework/src/Illuminate/Pipeline/Pipeline.php(141): Illuminate\\Foundation\\Http\\Kernel->Illuminate\\Foundation\\Http\\{closure}()
#28 /home/intheloop/Desktop/SchoolHub/main/vendor/laravel/framework/src/Illuminate/Foundation/Http/Middleware/TransformsRequest.php(21): Illuminate\\Pipeline\\Pipeline->Illuminate\\Pipeline\\{closure}()
#29 /home/intheloop/Desktop/SchoolHub/main/vendor/laravel/framework/src/Illuminate/Foundation/Http/Middleware/ConvertEmptyStringsToNull.php(31): Illuminate\\Foundation\\Http\\Middleware\\TransformsRequest->handle()
#30 /home/intheloop/Desktop/SchoolHub/main/vendor/laravel/framework/src/Illuminate/Pipeline/Pipeline.php(180): Illuminate\\Foundation\\Http\\Middleware\\ConvertEmptyStringsToNull->handle()
#31 /home/intheloop/Desktop/SchoolHub/main/vendor/laravel/framework/src/Illuminate/Foundation/Http/Middleware/TransformsRequest.php(21): Illuminate\\Pipeline\\Pipeline->Illuminate\\Pipeline\\{closure}()
#32 /home/intheloop/Desktop/SchoolHub/main/vendor/laravel/framework/src/Illuminate/Foundation/Http/Middleware/TrimStrings.php(40): Illuminate\\Foundation\\Http\\Middleware\\TransformsRequest->handle()
#33 /home/intheloop/Desktop/SchoolHub/main/vendor/laravel/framework/src/Illuminate/Pipeline/Pipeline.php(180): Illuminate\\Foundation\\Http\\Middleware\\TrimStrings->handle()
#34 /home/intheloop/Desktop/SchoolHub/main/vendor/laravel/framework/src/Illuminate/Foundation/Http/Middleware/ValidatePostSize.php(27): Illuminate\\Pipeline\\Pipeline->Illuminate\\Pipeline\\{closure}()
#35 /home/intheloop/Desktop/SchoolHub/main/vendor/laravel/framework/src/Illuminate/Pipeline/Pipeline.php(180): Illuminate\\Foundation\\Http\\Middleware\\ValidatePostSize->handle()
#36 /home/intheloop/Desktop/SchoolHub/main/vendor/laravel/framework/src/Illuminate/Foundation/Http/Middleware/PreventRequestsDuringMaintenance.php(89): Illuminate\\Pipeline\\Pipeline->Illuminate\\Pipeline\\{closure}()
#37 /home/intheloop/Desktop/SchoolHub/main/vendor/laravel/framework/src/Illuminate/Pipeline/Pipeline.php(180): Illuminate\\Foundation\\Http\\Middleware\\PreventRequestsDuringMaintenance->handle()
#38 /home/intheloop/Desktop/SchoolHub/main/vendor/laravel/framework/src/Illuminate/Http/Middleware/HandleCors.php(62): Illuminate\\Pipeline\\Pipeline->Illuminate\\Pipeline\\{closure}()
#39 /home/intheloop/Desktop/SchoolHub/main/vendor/laravel/framework/src/Illuminate/Pipeline/Pipeline.php(180): Illuminate\\Http\\Middleware\\HandleCors->handle()
#40 /home/intheloop/Desktop/SchoolHub/main/vendor/laravel/framework/src/Illuminate/Http/Middleware/TrustProxies.php(39): Illuminate\\Pipeline\\Pipeline->Illuminate\\Pipeline\\{closure}()
#41 /home/intheloop/Desktop/SchoolHub/main/vendor/laravel/framework/src/Illuminate/Pipeline/Pipeline.php(180): Illuminate\\Http\\Middleware\\TrustProxies->handle()
#42 /home/intheloop/Desktop/SchoolHub/main/vendor/laravel/framework/src/Illuminate/Pipeline/Pipeline.php(116): Illuminate\\Pipeline\\Pipeline->Illuminate\\Pipeline\\{closure}()
#43 /home/intheloop/Desktop/SchoolHub/main/vendor/laravel/framework/src/Illuminate/Foundation/Http/Kernel.php(175): Illuminate\\Pipeline\\Pipeline->then()
#44 /home/intheloop/Desktop/SchoolHub/main/vendor/laravel/framework/src/Illuminate/Foundation/Http/Kernel.php(144): Illuminate\\Foundation\\Http\\Kernel->sendRequestThroughRouter()
#45 /home/intheloop/Desktop/SchoolHub/main/public/index.php(52): Illuminate\\Foundation\\Http\\Kernel->handle()
#46 /home/intheloop/Desktop/SchoolHub/main/vendor/laravel/framework/src/Illuminate/Foundation/resources/server.php(16): require_once('...')
#47 {main}
"} 
[2023-10-02 14:35:14] local.ERROR: Symfony\Component\HttpFoundation\Response::setContent(): Argument #1 ($content) must be of type ?string, Illuminate\Database\Eloquent\Builder given, called in /home/intheloop/Desktop/SchoolHub/main/vendor/laravel/framework/src/Illuminate/Http/Response.php on line 72 {"userId":11,"exception":"[object] (TypeError(code: 0): Symfony\\Component\\HttpFoundation\\Response::setContent(): Argument #1 ($content) must be of type ?string, Illuminate\\Database\\Eloquent\\Builder given, called in /home/intheloop/Desktop/SchoolHub/main/vendor/laravel/framework/src/Illuminate/Http/Response.php on line 72 at /home/intheloop/Desktop/SchoolHub/main/vendor/symfony/http-foundation/Response.php:442)
[stacktrace]
#0 /home/intheloop/Desktop/SchoolHub/main/vendor/laravel/framework/src/Illuminate/Http/Response.php(72): Symfony\\Component\\HttpFoundation\\Response->setContent()
#1 /home/intheloop/Desktop/SchoolHub/main/vendor/laravel/framework/src/Illuminate/Http/Response.php(35): Illuminate\\Http\\Response->setContent()
#2 /home/intheloop/Desktop/SchoolHub/main/vendor/laravel/framework/src/Illuminate/Routing/Router.php(911): Illuminate\\Http\\Response->__construct()
#3 /home/intheloop/Desktop/SchoolHub/main/vendor/laravel/framework/src/Illuminate/Routing/Router.php(878): Illuminate\\Routing\\Router::toResponse()
#4 /home/intheloop/Desktop/SchoolHub/main/vendor/laravel/framework/src/Illuminate/Routing/Router.php(799): Illuminate\\Routing\\Router->prepareResponse()
#5 /home/intheloop/Desktop/SchoolHub/main/vendor/laravel/framework/src/Illuminate/Pipeline/Pipeline.php(141): Illuminate\\Routing\\Router->Illuminate\\Routing\\{closure}()
#6 /home/intheloop/Desktop/SchoolHub/main/app/Http/Middleware/AcceptJson.php(19): Illuminate\\Pipeline\\Pipeline->Illuminate\\Pipeline\\{closure}()
#7 /home/intheloop/Desktop/SchoolHub/main/vendor/laravel/framework/src/Illuminate/Pipeline/Pipeline.php(180): App\\Http\\Middleware\\AcceptJson->handle()
#8 /home/intheloop/Desktop/SchoolHub/main/vendor/laravel/framework/src/Illuminate/Routing/Middleware/SubstituteBindings.php(50): Illuminate\\Pipeline\\Pipeline->Illuminate\\Pipeline\\{closure}()
#9 /home/intheloop/Desktop/SchoolHub/main/vendor/laravel/framework/src/Illuminate/Pipeline/Pipeline.php(180): Illuminate\\Routing\\Middleware\\SubstituteBindings->handle()
#10 /home/intheloop/Desktop/SchoolHub/main/vendor/laravel/framework/src/Illuminate/Routing/Middleware/ThrottleRequests.php(159): Illuminate\\Pipeline\\Pipeline->Illuminate\\Pipeline\\{closure}()
#11 /home/intheloop/Desktop/SchoolHub/main/vendor/laravel/framework/src/Illuminate/Routing/Middleware/ThrottleRequests.php(135): Illuminate\\Routing\\Middleware\\ThrottleRequests->handleRequest()
#12 /home/intheloop/Desktop/SchoolHub/main/vendor/laravel/framework/src/Illuminate/Routing/Middleware/ThrottleRequests.php(87): Illuminate\\Routing\\Middleware\\ThrottleRequests->handleRequestUsingNamedLimiter()
#13 /home/intheloop/Desktop/SchoolHub/main/vendor/laravel/framework/src/Illuminate/Pipeline/Pipeline.php(180): Illuminate\\Routing\\Middleware\\ThrottleRequests->handle()
#14 /home/intheloop/Desktop/SchoolHub/main/vendor/laravel/framework/src/Illuminate/Auth/Middleware/Authenticate.php(57): Illuminate\\Pipeline\\Pipeline->Illuminate\\Pipeline\\{closure}()
#15 /home/intheloop/Desktop/SchoolHub/main/vendor/laravel/framework/src/Illuminate/Pipeline/Pipeline.php(180): Illuminate\\Auth\\Middleware\\Authenticate->handle()
#16 /home/intheloop/Desktop/SchoolHub/main/vendor/laravel/sanctum/src/Http/Middleware/EnsureFrontendRequestsAreStateful.php(25): Illuminate\\Pipeline\\Pipeline->Illuminate\\Pipeline\\{closure}()
#17 /home/intheloop/Desktop/SchoolHub/main/vendor/laravel/framework/src/Illuminate/Pipeline/Pipeline.php(141): Laravel\\Sanctum\\Http\\Middleware\\EnsureFrontendRequestsAreStateful->Laravel\\Sanctum\\Http\\Middleware\\{closure}()
#18 /home/intheloop/Desktop/SchoolHub/main/vendor/laravel/framework/src/Illuminate/Pipeline/Pipeline.php(116): Illuminate\\Pipeline\\Pipeline->Illuminate\\Pipeline\\{closure}()
#19 /home/intheloop/Desktop/SchoolHub/main/vendor/laravel/sanctum/src/Http/Middleware/EnsureFrontendRequestsAreStateful.php(26): Illuminate\\Pipeline\\Pipeline->then()
#20 /home/intheloop/Desktop/SchoolHub/main/vendor/laravel/framework/src/Illuminate/Pipeline/Pipeline.php(180): Laravel\\Sanctum\\Http\\Middleware\\EnsureFrontendRequestsAreStateful->handle()
#21 /home/intheloop/Desktop/SchoolHub/main/vendor/laravel/framework/src/Illuminate/Pipeline/Pipeline.php(116): Illuminate\\Pipeline\\Pipeline->Illuminate\\Pipeline\\{closure}()
#22 /home/intheloop/Desktop/SchoolHub/main/vendor/laravel/framework/src/Illuminate/Routing/Router.php(800): Illuminate\\Pipeline\\Pipeline->then()
#23 /home/intheloop/Desktop/SchoolHub/main/vendor/laravel/framework/src/Illuminate/Routing/Router.php(777): Illuminate\\Routing\\Router->runRouteWithinStack()
#24 /home/intheloop/Desktop/SchoolHub/main/vendor/laravel/framework/src/Illuminate/Routing/Router.php(741): Illuminate\\Routing\\Router->runRoute()
#25 /home/intheloop/Desktop/SchoolHub/main/vendor/laravel/framework/src/Illuminate/Routing/Router.php(730): Illuminate\\Routing\\Router->dispatchToRoute()
#26 /home/intheloop/Desktop/SchoolHub/main/vendor/laravel/framework/src/Illuminate/Foundation/Http/Kernel.php(200): Illuminate\\Routing\\Router->dispatch()
#27 /home/intheloop/Desktop/SchoolHub/main/vendor/laravel/framework/src/Illuminate/Pipeline/Pipeline.php(141): Illuminate\\Foundation\\Http\\Kernel->Illuminate\\Foundation\\Http\\{closure}()
#28 /home/intheloop/Desktop/SchoolHub/main/vendor/laravel/framework/src/Illuminate/Foundation/Http/Middleware/TransformsRequest.php(21): Illuminate\\Pipeline\\Pipeline->Illuminate\\Pipeline\\{closure}()
#29 /home/intheloop/Desktop/SchoolHub/main/vendor/laravel/framework/src/Illuminate/Foundation/Http/Middleware/ConvertEmptyStringsToNull.php(31): Illuminate\\Foundation\\Http\\Middleware\\TransformsRequest->handle()
#30 /home/intheloop/Desktop/SchoolHub/main/vendor/laravel/framework/src/Illuminate/Pipeline/Pipeline.php(180): Illuminate\\Foundation\\Http\\Middleware\\ConvertEmptyStringsToNull->handle()
#31 /home/intheloop/Desktop/SchoolHub/main/vendor/laravel/framework/src/Illuminate/Foundation/Http/Middleware/TransformsRequest.php(21): Illuminate\\Pipeline\\Pipeline->Illuminate\\Pipeline\\{closure}()
#32 /home/intheloop/Desktop/SchoolHub/main/vendor/laravel/framework/src/Illuminate/Foundation/Http/Middleware/TrimStrings.php(40): Illuminate\\Foundation\\Http\\Middleware\\TransformsRequest->handle()
#33 /home/intheloop/Desktop/SchoolHub/main/vendor/laravel/framework/src/Illuminate/Pipeline/Pipeline.php(180): Illuminate\\Foundation\\Http\\Middleware\\TrimStrings->handle()
#34 /home/intheloop/Desktop/SchoolHub/main/vendor/laravel/framework/src/Illuminate/Foundation/Http/Middleware/ValidatePostSize.php(27): Illuminate\\Pipeline\\Pipeline->Illuminate\\Pipeline\\{closure}()
#35 /home/intheloop/Desktop/SchoolHub/main/vendor/laravel/framework/src/Illuminate/Pipeline/Pipeline.php(180): Illuminate\\Foundation\\Http\\Middleware\\ValidatePostSize->handle()
#36 /home/intheloop/Desktop/SchoolHub/main/vendor/laravel/framework/src/Illuminate/Foundation/Http/Middleware/PreventRequestsDuringMaintenance.php(89): Illuminate\\Pipeline\\Pipeline->Illuminate\\Pipeline\\{closure}()
#37 /home/intheloop/Desktop/SchoolHub/main/vendor/laravel/framework/src/Illuminate/Pipeline/Pipeline.php(180): Illuminate\\Foundation\\Http\\Middleware\\PreventRequestsDuringMaintenance->handle()
#38 /home/intheloop/Desktop/SchoolHub/main/vendor/laravel/framework/src/Illuminate/Http/Middleware/HandleCors.php(62): Illuminate\\Pipeline\\Pipeline->Illuminate\\Pipeline\\{closure}()
#39 /home/intheloop/Desktop/SchoolHub/main/vendor/laravel/framework/src/Illuminate/Pipeline/Pipeline.php(180): Illuminate\\Http\\Middleware\\HandleCors->handle()
#40 /home/intheloop/Desktop/SchoolHub/main/vendor/laravel/framework/src/Illuminate/Http/Middleware/TrustProxies.php(39): Illuminate\\Pipeline\\Pipeline->Illuminate\\Pipeline\\{closure}()
#41 /home/intheloop/Desktop/SchoolHub/main/vendor/laravel/framework/src/Illuminate/Pipeline/Pipeline.php(180): Illuminate\\Http\\Middleware\\TrustProxies->handle()
#42 /home/intheloop/Desktop/SchoolHub/main/vendor/laravel/framework/src/Illuminate/Pipeline/Pipeline.php(116): Illuminate\\Pipeline\\Pipeline->Illuminate\\Pipeline\\{closure}()
#43 /home/intheloop/Desktop/SchoolHub/main/vendor/laravel/framework/src/Illuminate/Foundation/Http/Kernel.php(175): Illuminate\\Pipeline\\Pipeline->then()
#44 /home/intheloop/Desktop/SchoolHub/main/vendor/laravel/framework/src/Illuminate/Foundation/Http/Kernel.php(144): Illuminate\\Foundation\\Http\\Kernel->sendRequestThroughRouter()
#45 /home/intheloop/Desktop/SchoolHub/main/public/index.php(52): Illuminate\\Foundation\\Http\\Kernel->handle()
#46 /home/intheloop/Desktop/SchoolHub/main/vendor/laravel/framework/src/Illuminate/Foundation/resources/server.php(16): require_once('...')
#47 {main}
"} 
[2023-10-02 14:35:53] local.ERROR: Method Illuminate\Routing\Route::scoped does not exist. {"exception":"[object] (BadMethodCallException(code: 0): Method Illuminate\\Routing\\Route::scoped does not exist. at /home/intheloop/Desktop/SchoolHub/main/vendor/laravel/framework/src/Illuminate/Macroable/Traits/Macroable.php:112)
[stacktrace]
#0 /home/intheloop/Desktop/SchoolHub/main/routes/api.php(48): Illuminate\\Routing\\Route->__call()
#1 /home/intheloop/Desktop/SchoolHub/main/vendor/laravel/framework/src/Illuminate/Routing/Router.php(502): Illuminate\\Routing\\RouteFileRegistrar->{closure}()
#2 /home/intheloop/Desktop/SchoolHub/main/vendor/laravel/framework/src/Illuminate/Routing/Router.php(458): Illuminate\\Routing\\Router->loadRoutes()
#3 /home/intheloop/Desktop/SchoolHub/main/vendor/laravel/framework/src/Illuminate/Routing/RouteRegistrar.php(192): Illuminate\\Routing\\Router->group()
#4 /home/intheloop/Desktop/SchoolHub/main/routes/api.php(108): Illuminate\\Routing\\RouteRegistrar->group()
#5 /home/intheloop/Desktop/SchoolHub/main/vendor/laravel/framework/src/Illuminate/Routing/RouteFileRegistrar.php(35): require('...')
#6 /home/intheloop/Desktop/SchoolHub/main/vendor/laravel/framework/src/Illuminate/Routing/Router.php(504): Illuminate\\Routing\\RouteFileRegistrar->register()
#7 /home/intheloop/Desktop/SchoolHub/main/vendor/laravel/framework/src/Illuminate/Routing/Router.php(458): Illuminate\\Routing\\Router->loadRoutes()
#8 /home/intheloop/Desktop/SchoolHub/main/vendor/laravel/framework/src/Illuminate/Routing/RouteRegistrar.php(192): Illuminate\\Routing\\Router->group()
#9 /home/intheloop/Desktop/SchoolHub/main/app/Providers/RouteServiceProvider.php(34): Illuminate\\Routing\\RouteRegistrar->group()
#10 /home/intheloop/Desktop/SchoolHub/main/vendor/laravel/framework/src/Illuminate/Container/BoundMethod.php(36): App\\Providers\\RouteServiceProvider->App\\Providers\\{closure}()
#11 /home/intheloop/Desktop/SchoolHub/main/vendor/laravel/framework/src/Illuminate/Container/Util.php(41): Illuminate\\Container\\BoundMethod::Illuminate\\Container\\{closure}()
#12 /home/intheloop/Desktop/SchoolHub/main/vendor/laravel/framework/src/Illuminate/Container/BoundMethod.php(81): Illuminate\\Container\\Util::unwrapIfClosure()
#13 /home/intheloop/Desktop/SchoolHub/main/vendor/laravel/framework/src/Illuminate/Container/BoundMethod.php(37): Illuminate\\Container\\BoundMethod::callBoundMethod()
#14 /home/intheloop/Desktop/SchoolHub/main/vendor/laravel/framework/src/Illuminate/Container/Container.php(662): Illuminate\\Container\\BoundMethod::call()
#15 /home/intheloop/Desktop/SchoolHub/main/vendor/laravel/framework/src/Illuminate/Foundation/Support/Providers/RouteServiceProvider.php(120): Illuminate\\Container\\Container->call()
#16 /home/intheloop/Desktop/SchoolHub/main/vendor/laravel/framework/src/Illuminate/Foundation/Support/Providers/RouteServiceProvider.php(45): Illuminate\\Foundation\\Support\\Providers\\RouteServiceProvider->loadRoutes()
#17 /home/intheloop/Desktop/SchoolHub/main/vendor/laravel/framework/src/Illuminate/Container/BoundMethod.php(36): Illuminate\\Foundation\\Support\\Providers\\RouteServiceProvider->Illuminate\\Foundation\\Support\\Providers\\{closure}()
#18 /home/intheloop/Desktop/SchoolHub/main/vendor/laravel/framework/src/Illuminate/Container/Util.php(41): Illuminate\\Container\\BoundMethod::Illuminate\\Container\\{closure}()
#19 /home/intheloop/Desktop/SchoolHub/main/vendor/laravel/framework/src/Illuminate/Container/BoundMethod.php(81): Illuminate\\Container\\Util::unwrapIfClosure()
#20 /home/intheloop/Desktop/SchoolHub/main/vendor/laravel/framework/src/Illuminate/Container/BoundMethod.php(37): Illuminate\\Container\\BoundMethod::callBoundMethod()
#21 /home/intheloop/Desktop/SchoolHub/main/vendor/laravel/framework/src/Illuminate/Container/Container.php(662): Illuminate\\Container\\BoundMethod::call()
#22 /home/intheloop/Desktop/SchoolHub/main/vendor/laravel/framework/src/Illuminate/Support/ServiceProvider.php(119): Illuminate\\Container\\Container->call()
#23 /home/intheloop/Desktop/SchoolHub/main/vendor/laravel/framework/src/Illuminate/Foundation/Application.php(1013): Illuminate\\Support\\ServiceProvider->callBootedCallbacks()
#24 /home/intheloop/Desktop/SchoolHub/main/vendor/laravel/framework/src/Illuminate/Foundation/Application.php(991): Illuminate\\Foundation\\Application->bootProvider()
#25 [internal function]: Illuminate\\Foundation\\Application->Illuminate\\Foundation\\{closure}()
#26 /home/intheloop/Desktop/SchoolHub/main/vendor/laravel/framework/src/Illuminate/Foundation/Application.php(992): array_walk()
#27 /home/intheloop/Desktop/SchoolHub/main/vendor/laravel/framework/src/Illuminate/Foundation/Bootstrap/BootProviders.php(17): Illuminate\\Foundation\\Application->boot()
#28 /home/intheloop/Desktop/SchoolHub/main/vendor/laravel/framework/src/Illuminate/Foundation/Application.php(261): Illuminate\\Foundation\\Bootstrap\\BootProviders->bootstrap()
#29 /home/intheloop/Desktop/SchoolHub/main/vendor/laravel/framework/src/Illuminate/Foundation/Http/Kernel.php(186): Illuminate\\Foundation\\Application->bootstrapWith()
#30 /home/intheloop/Desktop/SchoolHub/main/vendor/laravel/framework/src/Illuminate/Foundation/Http/Kernel.php(170): Illuminate\\Foundation\\Http\\Kernel->bootstrap()
#31 /home/intheloop/Desktop/SchoolHub/main/vendor/laravel/framework/src/Illuminate/Foundation/Http/Kernel.php(144): Illuminate\\Foundation\\Http\\Kernel->sendRequestThroughRouter()
#32 /home/intheloop/Desktop/SchoolHub/main/public/index.php(52): Illuminate\\Foundation\\Http\\Kernel->handle()
#33 /home/intheloop/Desktop/SchoolHub/main/vendor/laravel/framework/src/Illuminate/Foundation/resources/server.php(16): require_once('...')
#34 {main}
"} 
[2023-10-02 14:35:57] local.ERROR: Symfony\Component\HttpFoundation\Response::setContent(): Argument #1 ($content) must be of type ?string, Illuminate\Database\Eloquent\Builder given, called in /home/intheloop/Desktop/SchoolHub/main/vendor/laravel/framework/src/Illuminate/Http/Response.php on line 72 {"userId":11,"exception":"[object] (TypeError(code: 0): Symfony\\Component\\HttpFoundation\\Response::setContent(): Argument #1 ($content) must be of type ?string, Illuminate\\Database\\Eloquent\\Builder given, called in /home/intheloop/Desktop/SchoolHub/main/vendor/laravel/framework/src/Illuminate/Http/Response.php on line 72 at /home/intheloop/Desktop/SchoolHub/main/vendor/symfony/http-foundation/Response.php:442)
[stacktrace]
#0 /home/intheloop/Desktop/SchoolHub/main/vendor/laravel/framework/src/Illuminate/Http/Response.php(72): Symfony\\Component\\HttpFoundation\\Response->setContent()
#1 /home/intheloop/Desktop/SchoolHub/main/vendor/laravel/framework/src/Illuminate/Http/Response.php(35): Illuminate\\Http\\Response->setContent()
#2 /home/intheloop/Desktop/SchoolHub/main/vendor/laravel/framework/src/Illuminate/Routing/Router.php(911): Illuminate\\Http\\Response->__construct()
#3 /home/intheloop/Desktop/SchoolHub/main/vendor/laravel/framework/src/Illuminate/Routing/Router.php(878): Illuminate\\Routing\\Router::toResponse()
#4 /home/intheloop/Desktop/SchoolHub/main/vendor/laravel/framework/src/Illuminate/Routing/Router.php(799): Illuminate\\Routing\\Router->prepareResponse()
#5 /home/intheloop/Desktop/SchoolHub/main/vendor/laravel/framework/src/Illuminate/Pipeline/Pipeline.php(141): Illuminate\\Routing\\Router->Illuminate\\Routing\\{closure}()
#6 /home/intheloop/Desktop/SchoolHub/main/app/Http/Middleware/AcceptJson.php(19): Illuminate\\Pipeline\\Pipeline->Illuminate\\Pipeline\\{closure}()
#7 /home/intheloop/Desktop/SchoolHub/main/vendor/laravel/framework/src/Illuminate/Pipeline/Pipeline.php(180): App\\Http\\Middleware\\AcceptJson->handle()
#8 /home/intheloop/Desktop/SchoolHub/main/vendor/laravel/framework/src/Illuminate/Routing/Middleware/SubstituteBindings.php(50): Illuminate\\Pipeline\\Pipeline->Illuminate\\Pipeline\\{closure}()
#9 /home/intheloop/Desktop/SchoolHub/main/vendor/laravel/framework/src/Illuminate/Pipeline/Pipeline.php(180): Illuminate\\Routing\\Middleware\\SubstituteBindings->handle()
#10 /home/intheloop/Desktop/SchoolHub/main/vendor/laravel/framework/src/Illuminate/Routing/Middleware/ThrottleRequests.php(159): Illuminate\\Pipeline\\Pipeline->Illuminate\\Pipeline\\{closure}()
#11 /home/intheloop/Desktop/SchoolHub/main/vendor/laravel/framework/src/Illuminate/Routing/Middleware/ThrottleRequests.php(135): Illuminate\\Routing\\Middleware\\ThrottleRequests->handleRequest()
#12 /home/intheloop/Desktop/SchoolHub/main/vendor/laravel/framework/src/Illuminate/Routing/Middleware/ThrottleRequests.php(87): Illuminate\\Routing\\Middleware\\ThrottleRequests->handleRequestUsingNamedLimiter()
#13 /home/intheloop/Desktop/SchoolHub/main/vendor/laravel/framework/src/Illuminate/Pipeline/Pipeline.php(180): Illuminate\\Routing\\Middleware\\ThrottleRequests->handle()
#14 /home/intheloop/Desktop/SchoolHub/main/vendor/laravel/framework/src/Illuminate/Auth/Middleware/Authenticate.php(57): Illuminate\\Pipeline\\Pipeline->Illuminate\\Pipeline\\{closure}()
#15 /home/intheloop/Desktop/SchoolHub/main/vendor/laravel/framework/src/Illuminate/Pipeline/Pipeline.php(180): Illuminate\\Auth\\Middleware\\Authenticate->handle()
#16 /home/intheloop/Desktop/SchoolHub/main/vendor/laravel/sanctum/src/Http/Middleware/EnsureFrontendRequestsAreStateful.php(25): Illuminate\\Pipeline\\Pipeline->Illuminate\\Pipeline\\{closure}()
#17 /home/intheloop/Desktop/SchoolHub/main/vendor/laravel/framework/src/Illuminate/Pipeline/Pipeline.php(141): Laravel\\Sanctum\\Http\\Middleware\\EnsureFrontendRequestsAreStateful->Laravel\\Sanctum\\Http\\Middleware\\{closure}()
#18 /home/intheloop/Desktop/SchoolHub/main/vendor/laravel/framework/src/Illuminate/Pipeline/Pipeline.php(116): Illuminate\\Pipeline\\Pipeline->Illuminate\\Pipeline\\{closure}()
#19 /home/intheloop/Desktop/SchoolHub/main/vendor/laravel/sanctum/src/Http/Middleware/EnsureFrontendRequestsAreStateful.php(26): Illuminate\\Pipeline\\Pipeline->then()
#20 /home/intheloop/Desktop/SchoolHub/main/vendor/laravel/framework/src/Illuminate/Pipeline/Pipeline.php(180): Laravel\\Sanctum\\Http\\Middleware\\EnsureFrontendRequestsAreStateful->handle()
#21 /home/intheloop/Desktop/SchoolHub/main/vendor/laravel/framework/src/Illuminate/Pipeline/Pipeline.php(116): Illuminate\\Pipeline\\Pipeline->Illuminate\\Pipeline\\{closure}()
#22 /home/intheloop/Desktop/SchoolHub/main/vendor/laravel/framework/src/Illuminate/Routing/Router.php(800): Illuminate\\Pipeline\\Pipeline->then()
#23 /home/intheloop/Desktop/SchoolHub/main/vendor/laravel/framework/src/Illuminate/Routing/Router.php(777): Illuminate\\Routing\\Router->runRouteWithinStack()
#24 /home/intheloop/Desktop/SchoolHub/main/vendor/laravel/framework/src/Illuminate/Routing/Router.php(741): Illuminate\\Routing\\Router->runRoute()
#25 /home/intheloop/Desktop/SchoolHub/main/vendor/laravel/framework/src/Illuminate/Routing/Router.php(730): Illuminate\\Routing\\Router->dispatchToRoute()
#26 /home/intheloop/Desktop/SchoolHub/main/vendor/laravel/framework/src/Illuminate/Foundation/Http/Kernel.php(200): Illuminate\\Routing\\Router->dispatch()
#27 /home/intheloop/Desktop/SchoolHub/main/vendor/laravel/framework/src/Illuminate/Pipeline/Pipeline.php(141): Illuminate\\Foundation\\Http\\Kernel->Illuminate\\Foundation\\Http\\{closure}()
#28 /home/intheloop/Desktop/SchoolHub/main/vendor/laravel/framework/src/Illuminate/Foundation/Http/Middleware/TransformsRequest.php(21): Illuminate\\Pipeline\\Pipeline->Illuminate\\Pipeline\\{closure}()
#29 /home/intheloop/Desktop/SchoolHub/main/vendor/laravel/framework/src/Illuminate/Foundation/Http/Middleware/ConvertEmptyStringsToNull.php(31): Illuminate\\Foundation\\Http\\Middleware\\TransformsRequest->handle()
#30 /home/intheloop/Desktop/SchoolHub/main/vendor/laravel/framework/src/Illuminate/Pipeline/Pipeline.php(180): Illuminate\\Foundation\\Http\\Middleware\\ConvertEmptyStringsToNull->handle()
#31 /home/intheloop/Desktop/SchoolHub/main/vendor/laravel/framework/src/Illuminate/Foundation/Http/Middleware/TransformsRequest.php(21): Illuminate\\Pipeline\\Pipeline->Illuminate\\Pipeline\\{closure}()
#32 /home/intheloop/Desktop/SchoolHub/main/vendor/laravel/framework/src/Illuminate/Foundation/Http/Middleware/TrimStrings.php(40): Illuminate\\Foundation\\Http\\Middleware\\TransformsRequest->handle()
#33 /home/intheloop/Desktop/SchoolHub/main/vendor/laravel/framework/src/Illuminate/Pipeline/Pipeline.php(180): Illuminate\\Foundation\\Http\\Middleware\\TrimStrings->handle()
#34 /home/intheloop/Desktop/SchoolHub/main/vendor/laravel/framework/src/Illuminate/Foundation/Http/Middleware/ValidatePostSize.php(27): Illuminate\\Pipeline\\Pipeline->Illuminate\\Pipeline\\{closure}()
#35 /home/intheloop/Desktop/SchoolHub/main/vendor/laravel/framework/src/Illuminate/Pipeline/Pipeline.php(180): Illuminate\\Foundation\\Http\\Middleware\\ValidatePostSize->handle()
#36 /home/intheloop/Desktop/SchoolHub/main/vendor/laravel/framework/src/Illuminate/Foundation/Http/Middleware/PreventRequestsDuringMaintenance.php(89): Illuminate\\Pipeline\\Pipeline->Illuminate\\Pipeline\\{closure}()
#37 /home/intheloop/Desktop/SchoolHub/main/vendor/laravel/framework/src/Illuminate/Pipeline/Pipeline.php(180): Illuminate\\Foundation\\Http\\Middleware\\PreventRequestsDuringMaintenance->handle()
#38 /home/intheloop/Desktop/SchoolHub/main/vendor/laravel/framework/src/Illuminate/Http/Middleware/HandleCors.php(62): Illuminate\\Pipeline\\Pipeline->Illuminate\\Pipeline\\{closure}()
#39 /home/intheloop/Desktop/SchoolHub/main/vendor/laravel/framework/src/Illuminate/Pipeline/Pipeline.php(180): Illuminate\\Http\\Middleware\\HandleCors->handle()
#40 /home/intheloop/Desktop/SchoolHub/main/vendor/laravel/framework/src/Illuminate/Http/Middleware/TrustProxies.php(39): Illuminate\\Pipeline\\Pipeline->Illuminate\\Pipeline\\{closure}()
#41 /home/intheloop/Desktop/SchoolHub/main/vendor/laravel/framework/src/Illuminate/Pipeline/Pipeline.php(180): Illuminate\\Http\\Middleware\\TrustProxies->handle()
#42 /home/intheloop/Desktop/SchoolHub/main/vendor/laravel/framework/src/Illuminate/Pipeline/Pipeline.php(116): Illuminate\\Pipeline\\Pipeline->Illuminate\\Pipeline\\{closure}()
#43 /home/intheloop/Desktop/SchoolHub/main/vendor/laravel/framework/src/Illuminate/Foundation/Http/Kernel.php(175): Illuminate\\Pipeline\\Pipeline->then()
#44 /home/intheloop/Desktop/SchoolHub/main/vendor/laravel/framework/src/Illuminate/Foundation/Http/Kernel.php(144): Illuminate\\Foundation\\Http\\Kernel->sendRequestThroughRouter()
#45 /home/intheloop/Desktop/SchoolHub/main/public/index.php(52): Illuminate\\Foundation\\Http\\Kernel->handle()
#46 /home/intheloop/Desktop/SchoolHub/main/vendor/laravel/framework/src/Illuminate/Foundation/resources/server.php(16): require_once('...')
#47 {main}
"} 
